\BOOKMARK [1][-]{figure.caption.1}{\376\377\000A\000c\000k\000n\000o\000w\000l\000e\000d\000g\000e\000m\000e\000n\000t\000s}{}% 1
\BOOKMARK [0][-]{chapter*.3}{\376\377\000L\000i\000s\000t\000\040\000o\000f\000\040\000F\000i\000g\000u\000r\000e\000s}{}% 2
\BOOKMARK [0][-]{chapter*.4}{\376\377\000L\000i\000s\000t\000\040\000o\000f\000\040\000T\000a\000b\000l\000e\000s}{}% 3
\BOOKMARK [1][-]{section*.5}{\376\377\000A\000b\000b\000r\000e\000v\000i\000a\000t\000i\000o\000n\000s}{chapter*.4}% 4
\BOOKMARK [1][-]{table.0.1}{\376\377\000A\000b\000s\000t\000r\000a\000c\000t\000\040\000\046\000\040\000K\000e\000y\000w\000o\000r\000d\000s}{chapter*.4}% 5
\BOOKMARK [0][-]{chapter.1}{\376\377\000I\000n\000t\000r\000o\000d\000u\000c\000t\000i\000o\000n}{}% 6
\BOOKMARK [1][-]{section.1.1}{\376\377\000I\000n\000t\000r\000o\000d\000u\000c\000t\000i\000o\000n}{chapter.1}% 7
\BOOKMARK [1][-]{section.1.2}{\376\377\000P\000r\000o\000b\000l\000e\000m\000\040\000S\000t\000a\000t\000e\000m\000e\000n\000t}{chapter.1}% 8
\BOOKMARK [1][-]{section.1.3}{\376\377\000M\000o\000t\000i\000v\000a\000t\000i\000o\000n\000s}{chapter.1}% 9
\BOOKMARK [1][-]{section.1.4}{\376\377\000P\000r\000o\000j\000e\000c\000t\000\040\000A\000i\000m}{chapter.1}% 10
\BOOKMARK [1][-]{section.1.5}{\376\377\000O\000b\000j\000e\000c\000t\000i\000v\000e\000s}{chapter.1}% 11
\BOOKMARK [1][-]{section.1.6}{\376\377\000P\000r\000o\000j\000e\000c\000t\000\040\000S\000c\000o\000p\000e}{chapter.1}% 12
\BOOKMARK [1][-]{section.1.7}{\376\377\000P\000r\000o\000p\000o\000s\000e\000d\000\040\000S\000o\000l\000u\000t\000i\000o\000n}{chapter.1}% 13
\BOOKMARK [1][-]{section.1.8}{\376\377\000P\000r\000o\000j\000e\000c\000t\000\040\000P\000h\000a\000s\000e\000s}{chapter.1}% 14
\BOOKMARK [1][-]{section.1.9}{\376\377\000P\000r\000o\000j\000e\000c\000t\000\040\000T\000i\000m\000e\000\040\000P\000l\000a\000n}{chapter.1}% 15
\BOOKMARK [0][-]{chapter.2}{\376\377\000L\000i\000t\000e\000r\000a\000t\000u\000r\000e\000\040\000R\000e\000v\000i\000e\000w}{}% 16
\BOOKMARK [1][-]{section.2.1}{\376\377\000B\000a\000c\000k\000g\000r\000o\000u\000n\000d\000\040\000I\000n\000f\000o\000r\000m\000a\000t\000i\000o\000n\000\040\000\046\000\040\000R\000e\000l\000a\000t\000e\000d\000\040\000W\000o\000r\000k}{chapter.2}% 17
\BOOKMARK [2][-]{subsection.2.1.1}{\376\377\000I\000n\000t\000e\000l\000l\000i\000g\000e\000n\000t\000\040\000T\000r\000a\000n\000s\000p\000o\000r\000t\000a\000t\000i\000o\000n\000\040\000S\000y\000s\000t\000e\000m\000s\000\040\000\050\000I\000T\000S\000\051}{section.2.1}% 18
\BOOKMARK [2][-]{subsection.2.1.2}{\376\377\000V\000e\000h\000i\000c\000u\000l\000a\000r\000\040\000A\000d\000-\000H\000o\000c\000\040\000N\000e\000t\000w\000o\000r\000k\000\040\000\050\000V\000A\000N\000E\000T\000\051}{section.2.1}% 19
\BOOKMARK [2][-]{subsection.2.1.3}{\376\377\000I\000n\000t\000e\000r\000n\000e\000t\000\040\000o\000f\000\040\000V\000e\000h\000i\000c\000l\000e\000s\000\040\000\050\000I\000o\000V\000\051}{section.2.1}% 20
\BOOKMARK [2][-]{subsection.2.1.4}{\376\377\000C\000r\000y\000p\000t\000o\000g\000r\000a\000p\000h\000y\000\040\000p\000a\000a\000r\0002\0000\0000\0009\000u\000n\000d\000e\000r\000s\000t\000a\000n\000d\000i\000n\000g}{section.2.1}% 21
\BOOKMARK [2][-]{subsection.2.1.5}{\376\377\000B\000l\000o\000c\000k\000c\000h\000a\000i\000n}{section.2.1}% 22
\BOOKMARK [2][-]{subsection.2.1.6}{\376\377\000C\000l\000o\000u\000d\000\040\000C\000o\000m\000p\000u\000t\000i\000n\000g}{section.2.1}% 23
\BOOKMARK [2][-]{subsection.2.1.7}{\376\377\000F\000o\000g\000\040\000C\000o\000m\000p\000u\000t\000i\000n\000g\000\040\000f\000o\000g\000r\000e\000f}{section.2.1}% 24
\BOOKMARK [2][-]{subsection.2.1.8}{\376\377\000H\000a\000r\000d\000w\000a\000r\000e\000\040\000C\000o\000m\000p\000o\000n\000e\000n\000t\000s}{section.2.1}% 25
\BOOKMARK [2][-]{subsection.2.1.9}{\376\377\000C\000o\000m\000p\000u\000t\000e\000r\000\040\000N\000e\000t\000w\000o\000r\000k\000\040\000C\000o\000n\000c\000e\000p\000t\000s}{section.2.1}% 26
\BOOKMARK [2][-]{subsection.2.1.10}{\376\377\000C\000o\000m\000m\000o\000n\000\040\000T\000h\000r\000e\000a\000t\000s\000\040\000\050\000A\000t\000t\000a\000c\000k\000s\000\051}{section.2.1}% 27
\BOOKMARK [2][-]{subsection.2.1.11}{\376\377\000S\000i\000m\000u\000l\000a\000t\000i\000o\000n\000\040\000T\000o\000o\000l\000s\000\040\000a\000n\000d\000\040\000F\000r\000a\000m\000e\000w\000o\000r\000k\000s}{section.2.1}% 28
\BOOKMARK [1][-]{section.2.2}{\376\377\000R\000e\000l\000a\000t\000e\000d\000\040\000W\000o\000r\000k}{chapter.2}% 29
\BOOKMARK [2][-]{subsection.2.2.1}{\376\377\000A\000\040\000l\000i\000g\000h\000t\000w\000e\000i\000g\000h\000t\000\040\000a\000n\000o\000n\000y\000m\000o\000u\000s\000\040\000c\000r\000o\000s\000s\000-\000r\000e\000g\000i\000o\000n\000a\000l\000\040\000m\000u\000t\000u\000a\000l\000\040\000a\000u\000t\000h\000e\000n\000t\000i\000c\000a\000t\000i\000o\000n\000\040\000s\000c\000h\000e\000m\000e\000\040\000u\000s\000i\000n\000g\000\040\000b\000l\000o\000c\000k\000c\000h\000a\000i\000n\000\040\000t\000e\000c\000h\000n\000o\000l\000o\000g\000y\000\040\000f\000o\000r\000\040\000i\000n\000t\000e\000r\000n\000e\000t\000\040\000o\000f\000\040\000v\000e\000h\000i\000c\000l\000e\000s\000\040\000p\000a\000p\000e\000r\0001}{section.2.2}% 30
\BOOKMARK [2][-]{subsection.2.2.2}{\376\377\000E\000f\000f\000i\000c\000i\000e\000n\000t\000\040\000D\000i\000s\000t\000r\000i\000b\000u\000t\000e\000d\000\040\000A\000d\000m\000i\000s\000s\000i\000o\000n\000\040\000a\000n\000d\000\040\000R\000e\000v\000o\000c\000a\000t\000i\000o\000n\000\040\000u\000s\000i\000n\000g\000\040\000B\000l\000o\000c\000k\000c\000h\000a\000i\000n\000\040\000f\000o\000r\000\040\000C\000o\000o\000p\000e\000r\000a\000t\000i\000v\000e\000\040\000I\000T\000S\000\040\000p\000a\000p\000e\000r\0002}{section.2.2}% 31
\BOOKMARK [2][-]{subsection.2.2.3}{\376\377\000A\000n\000\040\000I\000m\000p\000r\000o\000v\000e\000d\000\040\000A\000u\000t\000h\000e\000n\000t\000i\000c\000a\000t\000i\000o\000n\000\040\000S\000c\000h\000e\000m\000e\000\040\000f\000o\000r\000\040\000I\000n\000t\000e\000r\000n\000e\000t\000\040\000o\000f\000\040\000V\000e\000h\000i\000c\000l\000e\000s\000\040\000B\000a\000s\000e\000d\000\040\000o\000n\000\040\000B\000l\000o\000c\000k\000c\000h\000a\000i\000n\000\040\000T\000e\000c\000h\000n\000o\000l\000o\000g\000y\000\040\000p\000a\000p\000e\000r\0003}{section.2.2}% 32
\BOOKMARK [2][-]{subsection.2.2.4}{\376\377\000B\000l\000o\000c\000k\000C\000h\000a\000i\000n\000:\000\040\000A\000\040\000D\000i\000s\000t\000r\000i\000b\000u\000t\000e\000d\000\040\000S\000o\000l\000u\000t\000i\000o\000n\000\040\000t\000o\000\040\000A\000u\000t\000o\000m\000o\000t\000i\000v\000e\000\040\000S\000e\000c\000u\000r\000i\000t\000y\000\040\000a\000n\000d\000\040\000P\000r\000i\000v\000a\000c\000y\000\040\000p\000a\000p\000e\000r\0004}{section.2.2}% 33
\BOOKMARK [2][-]{subsection.2.2.5}{\376\377\000B\000l\000o\000c\000k\000c\000h\000a\000i\000n\000-\000D\000r\000i\000v\000e\000n\000\040\000T\000r\000u\000s\000t\000e\000d\000\040\000D\000a\000t\000a\000\040\000S\000h\000a\000r\000i\000n\000g\000\040\000w\000i\000t\000h\000\040\000P\000r\000i\000v\000a\000c\000y\000-\000P\000r\000o\000t\000e\000c\000t\000i\000o\000n\000\040\000i\000n\000\040\000I\000o\000T\000\040\000p\000a\000p\000e\000r\0005}{section.2.2}% 34
\BOOKMARK [2][-]{subsection.2.2.6}{\376\377\000B\000l\000o\000c\000k\000c\000h\000a\000i\000n\000-\000b\000a\000s\000e\000d\000\040\000I\000n\000t\000e\000r\000n\000e\000t\000\040\000o\000f\000\040\000V\000e\000h\000i\000c\000l\000e\000s\000:\000\040\000D\000i\000s\000t\000r\000i\000b\000u\000t\000e\000d\000\040\000N\000e\000t\000w\000o\000r\000k\000\040\000A\000r\000c\000h\000i\000t\000e\000c\000t\000u\000r\000e\000\040\000a\000n\000d\000\040\000P\000e\000r\000f\000o\000r\000m\000a\000n\000c\000e\000\040\000A\000n\000a\000l\000y\000s\000i\000s\000\040\000p\000a\000p\000e\000r\0006}{section.2.2}% 35
\BOOKMARK [2][-]{subsection.2.2.7}{\376\377\000A\000\040\000S\000c\000a\000l\000a\000b\000l\000e\000\040\000P\000r\000o\000t\000o\000c\000o\000l\000\040\000f\000o\000r\000\040\000D\000r\000i\000v\000i\000n\000g\000\040\000T\000r\000u\000s\000t\000\040\000M\000a\000n\000a\000g\000e\000m\000e\000n\000t\000\040\000i\000n\000\040\000I\000n\000t\000e\000r\000n\000e\000t\000\040\000o\000f\000\040\000V\000e\000h\000i\000c\000l\000e\000s\000\040\000w\000i\000t\000h\000\040\000B\000l\000o\000c\000k\000c\000h\000a\000i\000n\000\040\000p\000a\000p\000e\000r\0007}{section.2.2}% 36
\BOOKMARK [2][-]{subsection.2.2.8}{\376\377\000A\000\040\000B\000l\000o\000c\000k\000c\000h\000a\000i\000n\000-\000B\000a\000s\000e\000d\000\040\000M\000u\000l\000t\000i\000-\000F\000a\000c\000t\000o\000r\000\040\000A\000u\000t\000h\000e\000n\000t\000i\000c\000a\000t\000i\000o\000n\000\040\000M\000o\000d\000e\000l\000\040\000f\000o\000r\000\040\000a\000\040\000C\000l\000o\000u\000d\000-\000E\000n\000a\000b\000l\000e\000d\000\040\000I\000n\000t\000e\000r\000n\000e\000t\000\040\000o\000f\000\040\000V\000e\000h\000i\000c\000l\000e\000s\000\040\000p\000a\000p\000e\000r\0008}{section.2.2}% 37
\BOOKMARK [2][-]{subsection.2.2.9}{\376\377\000E\000n\000h\000a\000n\000c\000e\000d\000\040\000I\000o\000V\000\040\000S\000e\000c\000u\000r\000i\000t\000y\000\040\000N\000e\000t\000w\000o\000r\000k\000\040\000b\000y\000\040\000U\000s\000i\000n\000g\000\040\000B\000l\000o\000c\000k\000c\000h\000a\000i\000n\000\040\000G\000o\000v\000e\000r\000n\000a\000n\000c\000e\000\040\000G\000a\000m\000e\000\040\000p\000a\000p\000e\000r\0009}{section.2.2}% 38
\BOOKMARK [2][-]{subsection.2.2.10}{\376\377\000I\000m\000p\000l\000e\000m\000e\000n\000t\000i\000n\000g\000\040\000b\000l\000o\000c\000k\000c\000h\000a\000i\000n\000\040\000t\000e\000c\000h\000n\000o\000l\000o\000g\000y\000\040\000i\000n\000\040\000t\000h\000e\000\040\000I\000n\000t\000e\000r\000n\000e\000t\000\040\000o\000f\000\040\000V\000e\000h\000i\000c\000l\000e\000\040\000\050\000I\000o\000V\000\051\000\040\000p\000a\000p\000e\000r\0001\0000}{section.2.2}% 39
\BOOKMARK [2][-]{subsection.2.2.11}{\376\377\000E\000A\000S\000B\000F\000:\000\040\000A\000n\000\040\000e\000f\000f\000i\000c\000i\000e\000n\000t\000\040\000a\000u\000t\000h\000e\000n\000t\000i\000c\000a\000t\000i\000o\000n\000\040\000s\000c\000h\000e\000m\000e\000\040\000o\000v\000e\000r\000\040\000b\000l\000o\000c\000k\000c\000h\000a\000i\000n\000\040\000f\000o\000r\000\040\000f\000o\000g\000\040\000c\000o\000m\000p\000u\000t\000i\000n\000g\000-\000e\000n\000a\000b\000l\000e\000d\000\040\000i\000n\000t\000e\000r\000n\000e\000t\000\040\000o\000f\000\040\000v\000e\000h\000i\000c\000l\000e\000s\000\040\000p\000a\000p\000e\000r\0001\0001}{section.2.2}% 40
\BOOKMARK [2][-]{subsection.2.2.12}{\376\377\000B\000l\000o\000c\000k\000c\000h\000a\000i\000n\000\040\000M\000e\000e\000t\000s\000\040\000V\000A\000N\000E\000T\000:\000\040\000A\000n\000\040\000A\000r\000c\000h\000i\000t\000e\000c\000t\000u\000r\000e\000\040\000f\000o\000r\000\040\000I\000d\000e\000n\000t\000i\000t\000y\000\040\000a\000n\000d\000\040\000L\000o\000c\000a\000t\000i\000o\000n\000\040\000P\000r\000i\000v\000a\000c\000y\000\040\000P\000r\000o\000t\000e\000c\000t\000i\000o\000n\000\040\000i\000n\000\040\000V\000A\000N\000E\000T\000\040\000p\000a\000p\000e\000r\0001\0002}{section.2.2}% 41
\BOOKMARK [2][-]{subsection.2.2.13}{\376\377\000H\000y\000b\000r\000i\000d\000\040\000C\000r\000y\000p\000t\000o\000g\000r\000a\000p\000h\000i\000c\000\040\000P\000r\000o\000t\000o\000c\000o\000l\000\040\000f\000o\000r\000\040\000S\000e\000c\000u\000r\000e\000\040\000V\000e\000h\000i\000c\000l\000e\000\040\000D\000a\000t\000a\000\040\000S\000h\000a\000r\000i\000n\000g\000\040\000o\000v\000e\000r\000\040\000C\000o\000n\000s\000o\000r\000t\000i\000u\000m\000\040\000B\000l\000o\000c\000k\000c\000h\000a\000i\000n\000\040\000p\000a\000p\000e\000r\0001\0003}{section.2.2}% 42
\BOOKMARK [2][-]{subsection.2.2.14}{\376\377\000A\000\040\000s\000e\000c\000u\000r\000i\000t\000y\000\040\000s\000c\000h\000e\000m\000e\000\040\000b\000a\000s\000e\000d\000\040\000o\000n\000\040\000b\000l\000o\000c\000k\000c\000h\000a\000i\000n\000\040\000a\000n\000d\000\040\000a\000\040\000h\000y\000b\000r\000i\000d\000\040\000c\000r\000y\000p\000t\000o\000s\000y\000s\000t\000e\000m\000\040\000t\000o\000\040\000r\000e\000d\000u\000c\000e\000\040\000p\000a\000c\000k\000e\000t\000\040\000l\000o\000s\000s\000\040\000i\000n\000\040\000I\000o\000V\000\040\000p\000a\000p\000e\000r\0001\0004}{section.2.2}% 43
\BOOKMARK [2][-]{subsection.2.2.15}{\376\377\000A\000\040\000s\000e\000c\000u\000r\000e\000\040\000a\000n\000d\000\040\000c\000o\000m\000p\000u\000t\000a\000t\000i\000o\000n\000a\000l\000l\000y\000\040\000e\000f\000f\000i\000c\000i\000e\000n\000t\000\040\000a\000u\000t\000h\000e\000n\000t\000i\000c\000a\000t\000i\000o\000n\000\040\000a\000n\000d\000\040\000k\000e\000y\000\040\000a\000g\000r\000e\000e\000m\000e\000n\000t\000\040\000s\000c\000h\000e\000m\000e\000\040\000f\000o\000r\000\040\000I\000n\000t\000e\000r\000n\000e\000t\000\040\000o\000f\000\040\000V\000e\000h\000i\000c\000l\000e\000s\000\040\000p\000a\000p\000e\000r\0001\0005}{section.2.2}% 44
\BOOKMARK [0][-]{chapter*.44}{\376\377\000B\000i\000b\000l\000i\000o\000g\000r\000a\000p\000h\000y}{}% 45
