This is LuaHBTeX, Version 1.14.0 (MiKTeX 21.12) (format=lualatex 2022.2.16)  24 FEB 2022 19:01
 restricted system commands enabled.
**main.tex
(./main.tex
LaTeX2e <2021-11-15> patch level 1
Lua module: luaotfload 2021-05-21 3.18 Lua based OpenType font support
Lua module: lualibs 2021-05-20 2.74 ConTeXt Lua standard libraries.
Lua module: lualibs-extended 2021-05-20 2.74 ConTeXt Lua libraries -- extended c
ollection.
luaotfload | conf : Root cache directory is "C:/Users/moham/AppData/Local/MiKTeX
/luatex-cache/generic/names".
luaotfload | init : Loading fontloader "fontloader-2021-05-20.lua" from kpse-res
olved path "C:/Users/moham/AppData/Local/Programs/MiKTeX/tex/luatex/luaotfload/f
ontloader-2021-05-20.lua".
Lua-only attribute luaotfload@noligature = 1
Lua-only attribute luaotfload@syllabe = 2
luaotfload | init : Context OpenType loader version 3.116
Inserting `luaotfload.node_processor' at position 1 in `pre_linebreak_filter'.
Inserting `luaotfload.node_processor' at position 1 in `hpack_filter'.
Inserting `luaotfload.glyph_stream' at position 1 in `glyph_stream_provider'.
Inserting `luaotfload.define_font' at position 1 in `define_font'.
Lua-only attribute luaotfload_color_attribute = 3
luaotfload | conf : Root cache directory is "C:/Users/moham/AppData/Local/MiKTeX
/luatex-cache/generic/names".
Inserting `luaotfload.harf.strip_prefix' at position 1 in `find_opentype_file'.
Inserting `luaotfload.harf.strip_prefix' at position 1 in `find_truetype_file'.
Inserting `luaotfload.harf.finalize_vlist' at position 1 in `post_linebreak_filt
er'.
Inserting `luaotfload.harf.finalize_hlist' at position 2 in `hpack_filter'.
Inserting `luaotfload.cleanup_files' at position 1 in `wrapup_run'.
Inserting `luaotfload.harf.finalize_unicode' at position 1 in `finish_pdffile'.
Inserting `luaotfload.glyphinfo' at position 1 in `glyph_info'.
Lua-only attribute luaotfload.letterspace_done = 4
Inserting `luaotfload.aux.set_sscale_dimens' at position 1 in `luaotfload.patch_
font'.
Inserting `luaotfload.aux.set_font_index' at position 2 in `luaotfload.patch_fon
t'.
Inserting `luaotfload.aux.patch_cambria_domh' at position 3 in `luaotfload.patch
_font'.
Inserting `luaotfload.aux.fixup_fontdata' at position 1 in `luaotfload.patch_fon
t_unsafe'.
Inserting `luaotfload.aux.set_capheight' at position 4 in `luaotfload.patch_font
'.
Inserting `luaotfload.aux.set_xheight' at position 5 in `luaotfload.patch_font'.
Inserting `luaotfload.rewrite_fontname' at position 6 in `luaotfload.patch_font'
. L3 programming layer <2021-11-22>
Inserting `tracingstacklevels' at position 1 in `input_level_string'. (./tsukut
hesis.cls
Document Class: tsukuthesis 2004/12/19 v3.2 University of Tsukuba Thesis Class
(C:/Users/moham/AppData/Local/Programs/MiKTeX/tex/latex/ucthesis/uct11.clo
luaotfload | db : Font names database loaded from C:/Users/moham/AppData/Local/M
iKTeX/luatex-cache/generic/names/luaotfload-names.luc)
\descriptionmargin=\dimen137
\c@part=\count181
\c@chapter=\count182
\c@section=\count183
\c@subsection=\count184
\c@subsubsection=\count185
\c@paragraph=\count186
\c@subparagraph=\count187
\c@figure=\count188
\c@table=\count189
)

LaTeX Warning: \include should only be used after \begin{document} on input lin
e 2.

(./macros/style.tex)

LaTeX Warning: \include should only be used after \begin{document} on input lin
e 3.

(./macros/use_packages.tex
(C:/Users/moham/AppData/Local/Programs/MiKTeX/tex/latex/fancyhdr/fancyhdr.sty
Package: fancyhdr 2021/01/28 v4.0.1 Extensive control of page headers and foote
rs
\f@nch@headwidth=\skip47
\f@nch@O@elh=\skip48
\f@nch@O@erh=\skip49
\f@nch@O@olh=\skip50
\f@nch@O@orh=\skip51
\f@nch@O@elf=\skip52
\f@nch@O@erf=\skip53
\f@nch@O@olf=\skip54
\f@nch@O@orf=\skip55
)
(C:/Users/moham/AppData/Local/Programs/MiKTeX/tex/latex/geometry/geometry.sty
Package: geometry 2020/01/02 v5.9 Page Geometry

(C:/Users/moham/AppData/Local/Programs/MiKTeX/tex/latex/graphics/keyval.sty
Package: keyval 2014/10/28 v1.15 key=value parser (DPC)
\KV@toks@=\toks16
)
(C:/Users/moham/AppData/Local/Programs/MiKTeX/tex/generic/iftex/ifvtex.sty
Package: ifvtex 2019/10/25 v1.7 ifvtex legacy package. Use iftex instead.

(C:/Users/moham/AppData/Local/Programs/MiKTeX/tex/generic/iftex/iftex.sty
Package: iftex 2020/03/06 v1.0d TeX engine tests
))
\Gm@cnth=\count190
\Gm@cntv=\count191
\c@Gm@tempcnt=\count192
\Gm@bindingoffset=\dimen138
\Gm@wd@mp=\dimen139
\Gm@odd@mp=\dimen140
\Gm@even@mp=\dimen141
\Gm@layoutwidth=\dimen142
\Gm@layoutheight=\dimen143
\Gm@layouthoffset=\dimen144
\Gm@layoutvoffset=\dimen145
\Gm@dimlist=\toks17

(C:/Users/moham/AppData/Local/Programs/MiKTeX/tex/latex/geometry/geometry.cfg)

! Package geometry Error: \paperwidth (0.0pt) too short.

See the geometry package documentation for explanation.
Type  H <return>  for immediate help.
 ...                                              
                                                  
l.1006 \Gm@process
                
Set a paper type (e.g., `a4paper').


! Package geometry Error: \paperheight (0.0pt) too short.

See the geometry package documentation for explanation.
Type  H <return>  for immediate help.
 ...                                              
                                                  
l.1006 \Gm@process
                
Set a paper type (e.g., `a4paper').

) (C:/Users/moham/AppData/Local/Programs/MiKTeX/tex/latex/chngcntr/chngcntr.sty
Package: chngcntr 2018/04/09 v1.1a change counter resetting
Package chngcntr Info: \counterwithout already defined.
(chngcntr)             Quitting chngcntr on input line 21.
) (C:/Users/moham/AppData/Local/Programs/MiKTeX/tex/latex/tools/dcolumn.sty
Package: dcolumn 2014/10/28 v1.06 decimal alignment package (DPC)

(C:/Users/moham/AppData/Local/Programs/MiKTeX/tex/latex/tools/array.sty
Package: array 2021/10/04 v2.5f Tabular extension package (FMi)
\col@sep=\dimen146
\ar@mcellbox=\box50
\extrarowheight=\dimen147
\NC@list=\toks18
\extratabsurround=\skip56
\backup@length=\skip57
\ar@cellbox=\box51
))
(C:/Users/moham/AppData/Local/Programs/MiKTeX/tex/latex/tools/longtable.sty
Package: longtable 2021-09-01 v4.17 Multi-page Table package (DPC)
\LTleft=\skip58
\LTright=\skip59
\LTpre=\skip60
\LTpost=\skip61
\LTchunksize=\count193
\LTcapwidth=\dimen148
\LT@head=\box52
\LT@firsthead=\box53
\LT@foot=\box54
\LT@lastfoot=\box55
\LT@gbox=\box56
\LT@cols=\count194
\LT@rows=\count195
\c@LT@tables=\count196
\c@LT@chunks=\count197
\LT@p@ftn=\toks19
)
(C:/Users/moham/AppData/Local/Programs/MiKTeX/tex/latex/amsmath/amsmath.sty
Package: amsmath 2021/10/15 v2.17l AMS math features
\@mathmargin=\skip62

For additional information on amsmath, use the `?' option.
(C:/Users/moham/AppData/Local/Programs/MiKTeX/tex/latex/amsmath/amstext.sty
Package: amstext 2021/08/26 v2.01 AMS text

(C:/Users/moham/AppData/Local/Programs/MiKTeX/tex/latex/amsmath/amsgen.sty
File: amsgen.sty 1999/11/30 v2.0 generic functions
\@emptytoks=\toks20
\ex@=\dimen149
))
(C:/Users/moham/AppData/Local/Programs/MiKTeX/tex/latex/amsmath/amsbsy.sty
Package: amsbsy 1999/11/29 v1.2d Bold Symbols
\pmbraise@=\dimen150
)
(C:/Users/moham/AppData/Local/Programs/MiKTeX/tex/latex/amsmath/amsopn.sty
Package: amsopn 2021/08/26 v2.02 operator names
)
\inf@bad=\count198
LaTeX Info: Redefining \frac on input line 236.
\uproot@=\count199
\leftroot@=\count266
LaTeX Info: Redefining \overline on input line 399.
\classnum@=\count267
\DOTSCASE@=\count268
LaTeX Info: Redefining \ldots on input line 496.
LaTeX Info: Redefining \dots on input line 499.
LaTeX Info: Redefining \cdots on input line 620.
\Mathstrutbox@=\box57
\strutbox@=\box58
\big@size=\dimen151
LaTeX Font Info:    Redeclaring font encoding OML on input line 743.
LaTeX Font Info:    Redeclaring font encoding OMS on input line 744.
\macc@depth=\count269
\c@MaxMatrixCols=\count270
\dotsspace@=\muskip16
\c@parentequation=\count271
\dspbrk@lvl=\count272
\tag@help=\toks21
\row@=\count273
\column@=\count274
\maxfields@=\count275
\andhelp@=\toks22
\eqnshift@=\dimen152
\alignsep@=\dimen153
\tagshift@=\dimen154
\tagwidth@=\dimen155
\totwidth@=\dimen156
\lineht@=\dimen157
\@envbody=\toks23
\multlinegap=\skip63
\multlinetaggap=\skip64
\mathdisplay@stack=\toks24
LaTeX Info: Redefining \[ on input line 2938.
LaTeX Info: Redefining \] on input line 2939.
)
(C:/Users/moham/AppData/Local/Programs/MiKTeX/tex/latex/amscls/amsthm.sty
Package: amsthm 2020/05/29 v2.20.6
\thm@style=\toks25
\thm@bodyfont=\toks26
\thm@headfont=\toks27
\thm@notefont=\toks28
\thm@headpunct=\toks29
\thm@preskip=\skip65
\thm@postskip=\skip66
\thm@headsep=\skip67
\dth@everypar=\toks30
)
(C:/Users/moham/AppData/Local/Programs/MiKTeX/tex/latex/amsfonts/amssymb.sty
Package: amssymb 2013/01/14 v3.01 AMS font symbols

(C:/Users/moham/AppData/Local/Programs/MiKTeX/tex/latex/amsfonts/amsfonts.sty
Package: amsfonts 2013/01/14 v3.01 Basic AMSFonts support
\symAMSa=\mathgroup4
\symAMSb=\mathgroup5
LaTeX Font Info:    Redeclaring math symbol \hbar on input line 98.
LaTeX Font Info:    Overwriting math alphabet `\mathfrak' in version `bold'
(Font)                  U/euf/m/n --> U/euf/b/n on input line 106.
))
(C:/Users/moham/AppData/Local/Programs/MiKTeX/tex/latex/algorithms/algorithm.st
y
Package: algorithm 2009/08/24 v0.1 Document Style `algorithm' - floating enviro
nment
 (C:/Users/moham/AppData/Local/Programs/MiKTeX/tex/latex/float/float.sty
Package: float 2001/11/08 v1.3d Float enhancements (AL)
\c@float@type=\count276
\float@exts=\toks31
\float@box=\box59
\@float@everytoks=\toks32
\@floatcapt=\box60
)
(C:/Users/moham/AppData/Local/Programs/MiKTeX/tex/latex/base/ifthen.sty
Package: ifthen 2020/11/24 v1.1c Standard LaTeX ifthen package (DPC)
)
\@float@every@algorithm=\toks33
\c@algorithm=\count277
)
(C:/Users/moham/AppData/Local/Programs/MiKTeX/tex/latex/algorithms/algorithmic.
sty
Package: algorithmic 2009/08/24 v0.1 Document Style `algorithmic'
\c@ALC@unique=\count278
\c@ALC@line=\count279
\c@ALC@rem=\count280
\c@ALC@depth=\count281
\ALC@tlm=\skip68
\algorithmicindent=\skip69
)
(C:/Users/moham/AppData/Local/Programs/MiKTeX/tex/latex/fontspec/fontspec.sty
(C:/Users/moham/AppData/Local/Programs/MiKTeX/tex/latex/l3packages/xparse/xpars
e.sty
(C:/Users/moham/AppData/Local/Programs/MiKTeX/tex/latex/l3kernel/expl3.sty
Package: expl3 2021-11-22 L3 programming layer (loader) 

(C:/Users/moham/AppData/Local/Programs/MiKTeX/tex/latex/l3backend/l3backend-lua
tex.def
File: l3backend-luatex.def 2021-10-18 L3 backend support: PDF output (LuaTeX)
\l__color_backend_stack_int=\count282
\l__pdf_internal_box=\box61
))
Package: xparse 2021-11-12 L3 Experimental document command parser
)
Package: fontspec 2020/02/21 v2.7i Font selection for XeLaTeX and LuaLaTeX
Lua module: fontspec 2020/02/21 2.7i Font selection for XeLaTeX and LuaLaTeX
(C:/Users/moham/AppData/Local/Programs/MiKTeX/tex/latex/fontspec/fontspec-luate
x.sty
Package: fontspec-luatex 2020/02/21 v2.7i Font selection for XeLaTeX and LuaLaT
eX
\l__fontspec_script_int=\count283
\l__fontspec_language_int=\count284
\l__fontspec_strnum_int=\count285
\l__fontspec_tmp_int=\count286
\l__fontspec_tmpa_int=\count287
\l__fontspec_tmpb_int=\count288
\l__fontspec_tmpc_int=\count289
\l__fontspec_em_int=\count290
\l__fontspec_emdef_int=\count291
\l__fontspec_strong_int=\count292
\l__fontspec_strongdef_int=\count293
\l__fontspec_tmpa_dim=\dimen158
\l__fontspec_tmpb_dim=\dimen159
\l__fontspec_tmpc_dim=\dimen160
 (C:/Users/moham/AppData/Local/Programs/MiKTeX/tex/latex/base/fontenc.sty
Package: fontenc 2021/04/29 v2.0v Standard LaTeX package
) (C:/Users/moham/AppData/Local/Programs/MiKTeX/tex/latex/fontspec/fontspec.cfg
))) (C:/Users/moham/AppData/Local/Programs/MiKTeX/tex/latex/tools/xspace.sty
Package: xspace 2014/10/28 v1.13 Space after command names (DPC,MH)
)
(C:/Users/moham/AppData/Local/Programs/MiKTeX/tex/latex/textcase/textcase.sty
Package: textcase 2019/09/14 v1.00 Text only upper/lower case changing (DPC)
)
(C:/Users/moham/AppData/Local/Programs/MiKTeX/tex/latex/lipsum/lipsum.sty
(C:/Users/moham/AppData/Local/Programs/MiKTeX/tex/latex/l3packages/l3keys2e/l3k
eys2e.sty
Package: l3keys2e 2021-11-12 LaTeX2e option processing using LaTeX3 keys
)
Package: lipsum 2021-09-20 v2.7 150 paragraphs of Lorem Ipsum dummy text
\g__lipsum_par_int=\count294
\l__lipsum_a_int=\count295
\l__lipsum_b_int=\count296

(C:/Users/moham/AppData/Local/Programs/MiKTeX/tex/latex/lipsum/lipsum.ltd.tex)) (C:/Users/moham/AppData/Local/Programs/MiKTeX/tex/latex/setspace/setspace.sty
Package: setspace 2011/12/19 v6.7a set line spacing
) (C:/Users/moham/AppData/Local/Programs/MiKTeX/tex/latex/fncychap/fncychap.sty
Package: fncychap 2007/07/30 v1.34 LaTeX package (Revised chapters)
\RW=\skip70
\mylen=\skip71
\myhi=\skip72
\px=\skip73
\py=\skip74
\pyy=\skip75
\pxx=\skip76
) (C:/Users/moham/AppData/Local/Programs/MiKTeX/tex/latex/url/url.sty
\Urlmuskip=\muskip17
Package: url 2013/09/16  ver 3.4  Verb mode for urls, etc.
)
(C:/Users/moham/AppData/Local/Programs/MiKTeX/tex/latex/tools/tabularx.sty
Package: tabularx 2020/01/15 v2.11c `tabularx' package (DPC)
\TX@col@width=\dimen161
\TX@old@table=\dimen162
\TX@old@col=\dimen163
\TX@target=\dimen164
\TX@delta=\dimen165
\TX@cols=\count297
\TX@ftn=\toks34
)
(C:/Users/moham/AppData/Local/Programs/MiKTeX/tex/latex/tabularray/tabularray.s
ty
Package: tabularray 2021-12-01 v2021Q Typeset tabulars and arrays with LaTeX3
\l__tblr_a_int=\count298
\l__tblr_c_int=\count299
\l__tblr_r_int=\count300
\l__tblr_d_dim=\dimen166
\l__tblr_h_dim=\dimen167
\l__tblr_o_dim=\dimen168
\l__tblr_p_dim=\dimen169
\l__tblr_q_dim=\dimen170
\l__tblr_r_dim=\dimen171
\l__tblr_s_dim=\dimen172
\l__tblr_t_dim=\dimen173
\l__tblr_v_dim=\dimen174
\l__tblr_w_dim=\dimen175
\l__tblr_a_box=\box62
\l__tblr_b_box=\box63
\l__tblr_c_box=\box64
\l__tblr_d_box=\box65
\g__tblr_table_count_int=\count301
\c@rownum=\count302
\c@colnum=\count303
\c@rowcount=\count304
\c@colcount=\count305
\abovesep=\dimen176
\belowsep=\dimen177
\leftsep=\dimen178
\rightsep=\dimen179
\g_tblr_level_int=\count306
\g__tblr_data_row_key_count_int=\count307
\g__tblr_data_column_key_count_int=\count308
\g__tblr_data_cell_key_count_int=\count309
\g__tblr_array_int=\count310
\l__tblr_key_count_int=\count311
\l__tblr_key_quotient_int=\count312
\l__tblr_key_quotient_two_int=\count313
\l__tblr_key_remainder_int=\count314
\g__tblr_data_str_value_count_int=\count315
\rulewidth=\dimen180
\l__multicolumn_cell_number_int=\count316
\l__tblr_strut_ht_box=\box66
\l__tblr_strut_dp_box=\box67
\g__tblr_cell_wd_dim=\dimen181
\g__tblr_cell_ht_dim=\dimen182
\g__tblr_cell_head_dim=\dimen183
\g__tblr_cell_foot_dim=\dimen184
\l__column_target_dim=\dimen185
\l__tblr_caption_box=\box68
\l__tblr_caption_left_box=\box69
\l__tblr_row_head_box=\box70
\l__tblr_row_foot_box=\box71
\l__tblr_row_head_foot_dim=\dimen186
\tablewidth=\dimen187
\l__tblr_table_firsthead_box=\box72
\l__tblr_table_middlehead_box=\box73
\l__tblr_table_lasthead_box=\box74
\l__tblr_table_firstfoot_box=\box75
\l__tblr_table_middlefoot_box=\box76
\l__tblr_table_lastfoot_box=\box77
\l__tblr_remain_height_dim=\dimen188
\l__tblr_long_from_int=\count317
\l__tblr_long_to_int=\count318
\l__tblr_curr_i_int=\count319
\l__tblr_prev_i_int=\count320
\l__tblr_table_page_int=\count321
\l__tblr_table_head_box=\box78
\l__tblr_table_foot_box=\box79
\l__tblr_table_head_foot_dim=\dimen189
\l__tblr_table_head_body_foot_dim=\dimen190
\l__tblr_table_box=\box80
\l__tblr_table_hlines_box=\box81
\l__tblr_hline_box=\box82
\l__tblr_row_box=\box83
\l__tblr_col_o_wd_dim=\dimen191
\l__tblr_col_b_wd_dim=\dimen192
\l__tblr_hline_leftskip_dim=\dimen193
\l__tblr_hline_rightskip_dim=\dimen194
\l__tblr_row_ht_dim=\dimen195
\l__tblr_row_dp_dim=\dimen196
\l__tblr_row_abovesep_dim=\dimen197
\l__tblr_row_belowsep_dim=\dimen198
\l__tblr_row_vlines_box=\box84
\l__tblr_vline_box=\box85
\l__tblr_cell_box=\box86
\l__row_upper_dim=\dimen199
\l__row_lower_dim=\dimen256
\l__row_vpace_dim=\dimen257
\l__tblr_vline_aboveskip_dim=\dimen258
\l__tblr_vline_belowskip_dim=\dimen259
\l__tblr_cell_wd_dim=\dimen260
\l__tblr_cell_ht_dim=\dimen261
\l__tblr_diag_box=\box87
)
(C:/Users/moham/AppData/Local/Programs/MiKTeX/tex/latex/enumitem/enumitem.sty
Package: enumitem 2019/06/20 v3.9 Customized lists
\labelindent=\skip77
\enit@outerparindent=\dimen262
\enit@toks=\toks35
\enit@inbox=\box88
\enit@count@id=\count322
\enitdp@description=\count323
)
(C:/Users/moham/AppData/Local/Programs/MiKTeX/tex/latex/appendix/appendix.sty
Package: appendix 2020/02/08 v1.2c extra appendix facilities
\c@@pps=\count324
\c@@ppsavesec=\count325
\c@@ppsaveapp=\count326
)
(C:/Users/moham/AppData/Local/Programs/MiKTeX/tex/latex/ieeetrantools/IEEEtrant
ools.sty
Package: IEEEtrantools 2015/08/26 V1.5 by Michael Shell

-- See the "IEEEtrantools_doc.txt" manual for usage information.
-- http://www.michaelshell.org/tex/ieeetran/tools/
\@IEEEtrantmpdimenA=\dimen263
\@IEEEtrantmpdimenB=\dimen264
\@IEEEtrantmpdimenC=\dimen265
\@IEEEtrantmpcountA=\count327
\@IEEEtrantmpcountB=\count328
\@IEEEtrantmpcountC=\count329
\@IEEEtrantmptoksA=\toks36
\IEEEnormaljot=\dimen266
\IEEEquantizedlength=\dimen267
\IEEEquantizedlengthdiff=\dimen268
\IEEEquantizedtextheightdiff=\dimen269
\IEEEilabelindentA=\dimen270
\IEEEilabelindentB=\dimen271
\IEEEilabelindent=\dimen272
\IEEEelabelindent=\dimen273
\IEEEdlabelindent=\dimen274
\IEEElabelindent=\dimen275
\IEEEiednormlabelsep=\dimen276
\IEEEiedmathlabelsep=\dimen277
\IEEEiedtopsep=\skip78
\c@IEEEsubequation=\count330
\@IEEEeqnnumcols=\count331
\@IEEEeqncolcnt=\count332
\@IEEEsubeqnnumrollback=\count333
\IEEEPARstartletwidth=\dimen278
) (C:/Users/moham/AppData/Local/Programs/MiKTeX/tex/latex/graphics/rotating.sty
Package: rotating 2016/08/11 v2.16d rotated objects in LaTeX
(C:/Users/moham/AppData/Local/Programs/MiKTeX/tex/latex/graphics/graphicx.sty
Package: graphicx 2021/09/16 v1.2d Enhanced LaTeX Graphics (DPC,SPQR)

(C:/Users/moham/AppData/Local/Programs/MiKTeX/tex/latex/graphics/graphics.sty
Package: graphics 2021/03/04 v1.4d Standard LaTeX Graphics (DPC,SPQR)

(C:/Users/moham/AppData/Local/Programs/MiKTeX/tex/latex/graphics/trig.sty
Package: trig 2021/08/11 v1.11 sin cos tan (DPC)
)
(C:/Users/moham/AppData/Local/Programs/MiKTeX/tex/latex/graphics-cfg/graphics.c
fg
File: graphics.cfg 2016/06/04 v1.11 sample graphics configuration
)
Package graphics Info: Driver file: luatex.def on input line 107.

(C:/Users/moham/AppData/Local/Programs/MiKTeX/tex/latex/graphics-def/luatex.def
File: luatex.def 2021/06/01 v1.2c Graphics/color driver for luatex
))
\Gin@req@height=\dimen279
\Gin@req@width=\dimen280
)
\c@r@tfl@t=\count334
\rotFPtop=\skip79
\rotFPbot=\skip80
\rot@float@box=\box89
\rot@mess@toks=\toks37
)
(C:/Users/moham/AppData/Local/Programs/MiKTeX/tex/latex/multirow/multirow.sty
Package: multirow 2021/03/15 v2.8 Span multiple rows of a table
\multirow@colwidth=\skip81
\multirow@cntb=\count335
\multirow@dima=\skip82
\bigstrutjot=\dimen281
)
(C:/Users/moham/AppData/Local/Programs/MiKTeX/tex/latex/xcolor/xcolor.sty
Package: xcolor 2021/10/31 v2.13 LaTeX color extensions (UK)

(C:/Users/moham/AppData/Local/Programs/MiKTeX/tex/latex/graphics-cfg/color.cfg
File: color.cfg 2016/01/02 v1.6 sample color configuration
)
Package xcolor Info: Driver file: luatex.def on input line 227.
(C:/Users/moham/AppData/Local/Programs/MiKTeX/tex/latex/colortbl/colortbl.sty
Package: colortbl 2020/01/04 v1.0e Color table columns (DPC)
\everycr=\toks38
\minrowclearance=\skip83
)
\rownum=\count336
Package xcolor Info: Model `cmy' substituted by `cmy0' on input line 1352.
Package xcolor Info: Model `hsb' substituted by `rgb' on input line 1356.
Package xcolor Info: Model `RGB' extended on input line 1368.
Package xcolor Info: Model `HTML' substituted by `rgb' on input line 1370.
Package xcolor Info: Model `Hsb' substituted by `hsb' on input line 1371.
Package xcolor Info: Model `tHsb' substituted by `hsb' on input line 1372.
Package xcolor Info: Model `HSB' substituted by `hsb' on input line 1373.
Package xcolor Info: Model `Gray' substituted by `gray' on input line 1374.
Package xcolor Info: Model `wave' substituted by `hsb' on input line 1375.
) (C:/Users/moham/AppData/Local/Programs/MiKTeX/tex/latex/listings/listings.sty
\lst@mode=\count337
\lst@gtempboxa=\box90
\lst@token=\toks39
\lst@length=\count338
\lst@currlwidth=\dimen282
\lst@column=\count339
\lst@pos=\count340
\lst@lostspace=\dimen283
\lst@width=\dimen284
\lst@newlines=\count341
\lst@lineno=\count342
\abovecaptionskip=\skip84
\belowcaptionskip=\skip85
\lst@maxwidth=\dimen285

(C:/Users/moham/AppData/Local/Programs/MiKTeX/tex/latex/listings/lstmisc.sty
File: lstmisc.sty 2020/03/24 1.8d (Carsten Heinz)
\c@lstnumber=\count343
\lst@skipnumbers=\count344
\lst@framebox=\box91
)
(C:/Users/moham/AppData/Local/Programs/MiKTeX/tex/latex/listings/listings.cfg
File: listings.cfg 2020/03/24 1.8d listings configuration
))
Package: listings 2020/03/24 1.8d (Carsten Heinz)
(C:/Users/moham/AppData/Local/Programs/MiKTeX/tex/latex/psnfss/pifont.sty
Package: pifont 2020/03/25 PSNFSS-v9.3 Pi font support (SPQR) 
LaTeX Font Info:    Trying to load font information for U+pzd on input line 63.


(C:/Users/moham/AppData/Local/Programs/MiKTeX/tex/latex/psnfss/upzd.fd
File: upzd.fd 2001/06/04 font definitions for U/pzd.
)
LaTeX Font Info:    Trying to load font information for U+psy on input line 64.


(C:/Users/moham/AppData/Local/Programs/MiKTeX/tex/latex/psnfss/upsy.fd
File: upsy.fd 2001/06/04 font definitions for U/psy.
))
(C:/Users/moham/AppData/Local/Programs/MiKTeX/tex/latex/titlesec/titlesec.sty
Package: titlesec 2021/07/05 v2.14 Sectioning titles
\ttl@box=\box92
\beforetitleunit=\skip86
\aftertitleunit=\skip87
\ttl@plus=\dimen286
\ttl@minus=\dimen287
\ttl@toksa=\toks40
\titlewidth=\dimen288
\titlewidthlast=\dimen289
\titlewidthfirst=\dimen290
)
(C:/Users/moham/AppData/Local/Programs/MiKTeX/tex/latex/wasysym/wasysym.sty
Package: wasysym 2020/01/19 v2.4 Wasy-2 symbol support package
\symwasy=\mathgroup6
LaTeX Font Info:    Overwriting symbol font `wasy' in version `bold'
(Font)                  U/wasy/m/n --> U/wasy/b/n on input line 93.
)
(C:/Users/moham/AppData/Local/Programs/MiKTeX/tex/latex/caption/caption.sty
Package: caption 2020/10/26 v3.5g Customizing captions (AR)

(C:/Users/moham/AppData/Local/Programs/MiKTeX/tex/latex/caption/caption3.sty
Package: caption3 2020/10/21 v2.2e caption3 kernel (AR)
\captionmargin=\dimen291
\captionmargin@=\dimen292
\captionwidth=\dimen293
\caption@tempdima=\dimen294
\caption@indent=\dimen295
\caption@parindent=\dimen296
\caption@hangindent=\dimen297
Package caption Info: Unknown document class (or package),
(caption)             standard defaults will be used.
Package caption Info: \@makecaption = \long macro:#1#2->\par \ifdim \prevdepth 
>-\p@ \vskip 10\p@ \relax \fi \setbox \@tempboxa \hbox {\vbox to\topskip {}#1: 
#2\unskip \strut }\ifdim \wd \@tempboxa >\hsize {\ssp #1: #2\unskip \strut \par
 } \else \hbox to\hsize {\hfil \unhbox \@tempboxa \hfil }\fi  on input line 113
9.
)

Package caption Warning: Unknown document class (or package),
(caption)                standard defaults will be used.
See the caption package documentation for explanation.

\c@caption@flags=\count345
\c@continuedfloat=\count346
Package caption Info: float package is loaded.
Package caption Info: listings package is loaded.
Package caption Info: longtable package is loaded.
(C:/Users/moham/AppData/Local/Programs/MiKTeX/tex/latex/caption/ltcaption.sty
Package: ltcaption 2020/05/30 v1.4b longtable captions (AR)
)
Package caption Info: rotating package is loaded.
) (C:/Users/moham/AppData/Local/Programs/MiKTeX/tex/latex/hyperref/hyperref.sty
Package: hyperref 2021-06-07 v7.00m Hypertext links for LaTeX

(C:/Users/moham/AppData/Local/Programs/MiKTeX/tex/generic/ltxcmds/ltxcmds.sty
Package: ltxcmds 2020-05-10 v1.25 LaTeX kernel commands for general use (HO)
)
(C:/Users/moham/AppData/Local/Programs/MiKTeX/tex/generic/pdftexcmds/pdftexcmds
.sty
Package: pdftexcmds 2020-06-27 v0.33 Utility functions of pdfTeX for LuaTeX (HO
)

(C:/Users/moham/AppData/Local/Programs/MiKTeX/tex/generic/infwarerr/infwarerr.s
ty
Package: infwarerr 2019/12/03 v1.5 Providing info/warning/error messages (HO)
)
Package pdftexcmds Info: \pdf@primitive is available.
Package pdftexcmds Info: \pdf@ifprimitive is available.
Package pdftexcmds Info: \pdfdraftmode found.
\pdftexcmds@toks=\toks41
)
(C:/Users/moham/AppData/Local/Programs/MiKTeX/tex/generic/kvsetkeys/kvsetkeys.s
ty
Package: kvsetkeys 2019/12/15 v1.18 Key value parser (HO)
)
(C:/Users/moham/AppData/Local/Programs/MiKTeX/tex/generic/kvdefinekeys/kvdefine
keys.sty
Package: kvdefinekeys 2019-12-19 v1.6 Define keys (HO)
)
(C:/Users/moham/AppData/Local/Programs/MiKTeX/tex/generic/pdfescape/pdfescape.s
ty
Package: pdfescape 2019/12/09 v1.15 Implements pdfTeX's escape features (HO)
) (C:/Users/moham/AppData/Local/Programs/MiKTeX/tex/latex/hycolor/hycolor.sty
Package: hycolor 2020-01-27 v1.10 Color options for hyperref/bookmark (HO)
)
(C:/Users/moham/AppData/Local/Programs/MiKTeX/tex/latex/letltxmacro/letltxmacro
.sty
Package: letltxmacro 2019/12/03 v1.6 Let assignment for LaTeX macros (HO)
)
(C:/Users/moham/AppData/Local/Programs/MiKTeX/tex/latex/auxhook/auxhook.sty
Package: auxhook 2019-12-17 v1.6 Hooks for auxiliary files (HO)
)
(C:/Users/moham/AppData/Local/Programs/MiKTeX/tex/latex/kvoptions/kvoptions.sty
Package: kvoptions 2020-10-07 v3.14 Key value format for package options (HO)
)
\@linkdim=\dimen298
\Hy@linkcounter=\count347
\Hy@pagecounter=\count348
 (C:/Users/moham/AppData/Local/Programs/MiKTeX/tex/latex/hyperref/pd1enc.def
File: pd1enc.def 2021-06-07 v7.00m Hyperref: PDFDocEncoding definition (HO)
)
(C:/Users/moham/AppData/Local/Programs/MiKTeX/tex/latex/hyperref/hyperref-langp
atches.def
File: hyperref-langpatches.def 2021-06-07 v7.00m Hyperref: patches for babel la
nguages
)
(C:/Users/moham/AppData/Local/Programs/MiKTeX/tex/generic/intcalc/intcalc.sty
Package: intcalc 2019/12/15 v1.3 Expandable calculations with integers (HO)
)
(C:/Users/moham/AppData/Local/Programs/MiKTeX/tex/generic/etexcmds/etexcmds.sty
Package: etexcmds 2019/12/15 v1.7 Avoid name clashes with e-TeX commands (HO)
)
\Hy@SavedSpaceFactor=\count349
 (C:/Users/moham/AppData/Local/Programs/MiKTeX/tex/latex/hyperref/puenc.def
File: puenc.def 2021-06-07 v7.00m Hyperref: PDF Unicode definition (HO)
)
Package hyperref Info: Option `final' set `true' on input line 4073.
Package hyperref Info: Hyper figures OFF on input line 4192.
Package hyperref Info: Link nesting OFF on input line 4197.
Package hyperref Info: Hyper index ON on input line 4200.
Package hyperref Info: Plain pages OFF on input line 4207.
Package hyperref Info: Backreferencing OFF on input line 4212.
Package hyperref Info: Implicit mode ON; LaTeX internals redefined.
Package hyperref Info: Bookmarks ON on input line 4445.
\c@Hy@tempcnt=\count350
LaTeX Info: Redefining \url on input line 4804.
\XeTeXLinkMargin=\dimen299

(C:/Users/moham/AppData/Local/Programs/MiKTeX/tex/generic/bitset/bitset.sty
Package: bitset 2019/12/09 v1.3 Handle bit-vector datatype (HO)

(C:/Users/moham/AppData/Local/Programs/MiKTeX/tex/generic/bigintcalc/bigintcalc
.sty
Package: bigintcalc 2019/12/15 v1.5 Expandable calculations on big integers (HO
)
))
\Fld@menulength=\count351
\Field@Width=\dimen300
\Fld@charsize=\dimen301
Package hyperref Info: Hyper figures OFF on input line 6076.
Package hyperref Info: Link nesting OFF on input line 6081.
Package hyperref Info: Hyper index ON on input line 6084.
Package hyperref Info: backreferencing OFF on input line 6091.
Package hyperref Info: Link coloring OFF on input line 6096.
Package hyperref Info: Link coloring with OCG OFF on input line 6101.
Package hyperref Info: PDF/A mode OFF on input line 6106.
LaTeX Info: Redefining \ref on input line 6146.
LaTeX Info: Redefining \pageref on input line 6150.

(C:/Users/moham/AppData/Local/Programs/MiKTeX/tex/latex/base/atbegshi-ltx.sty
Package: atbegshi-ltx 2021/01/10 v1.0c Emulation of the original atbegshi
package with kernel methods
)
\Hy@abspage=\count352
\c@Item=\count353
\c@Hfootnote=\count354
)
Package hyperref Info: Driver (autodetected): hluatex.
(C:/Users/moham/AppData/Local/Programs/MiKTeX/tex/latex/hyperref/hluatex.def
File: hluatex.def 2021-06-07 v7.00m Hyperref driver for luaTeX

(C:/Users/moham/AppData/Local/Programs/MiKTeX/tex/generic/stringenc/stringenc.s
ty
Package: stringenc 2019/11/29 v1.12 Convert strings between diff. encodings (HO
)
)
(C:/Users/moham/AppData/Local/Programs/MiKTeX/tex/latex/base/atveryend-ltx.sty
Package: atveryend-ltx 2020/08/19 v1.0a Emulation of the original atveryend pac
kage
with kernel methods
)
\Fld@listcount=\count355
\c@bookmark@seq@number=\count356

(C:/Users/moham/AppData/Local/Programs/MiKTeX/tex/latex/rerunfilecheck/rerunfil
echeck.sty
Package: rerunfilecheck 2019/12/05 v1.9 Rerun checks for auxiliary files (HO)

(C:/Users/moham/AppData/Local/Programs/MiKTeX/tex/generic/uniquecounter/uniquec
ounter.sty
Package: uniquecounter 2019/12/15 v1.4 Provide unlimited unique counter (HO)
)
Package uniquecounter Info: New unique counter `rerunfilecheck' on input line 2
86.
)
\Hy@SectionHShift=\skip88
)
(C:/Users/moham/AppData/Local/Programs/MiKTeX/tex/latex/cite/cite.sty
LaTeX Info: Redefining \cite on input line 302.
LaTeX Info: Redefining \nocite on input line 332.
Package: cite 2015/02/27  v 5.5
)
(C:/Users/moham/AppData/Local/Programs/MiKTeX/tex/generic/babel/babel.sty
Package: babel 2021/11/29 3.67 The Babel package

(C:/Users/moham/AppData/Local/Programs/MiKTeX/tex/generic/babel/luababel.def
\bbl@readstream=\read2
\l@afrikaans=\language2
Package babel Info: Non-standard hyphenation setup on input line 118.
\l@ancientgreek=\language3
\l@armenian=\language4
\l@assamese=\language5
\l@basque=\language6
\l@belarusian=\language7
\l@bengali=\language8
\l@bokmal=\language9
\l@bulgarian=\language10
\l@catalan=\language11
\l@churchslavonic=\language12
\l@classiclatin=\language13
\l@coptic=\language14
\l@croatian=\language15
\l@czech=\language16
\l@danish=\language17
\l@dutch=\language18
\l@esperanto=\language19
\l@estonian=\language20
\l@ethiopic=\language21
\l@finnish=\language22
\l@french=\language23
\l@friulan=\language24
\l@galician=\language25
\l@georgian=\language26
\l@german=\language27
\l@greek=\language28
\l@gujarati=\language29
\l@hindi=\language30
\l@hungarian=\language31
\l@icelandic=\language32
\l@indonesian=\language33
\l@interlingua=\language34
\l@irish=\language35
\l@italian=\language36
\l@kannada=\language37
\l@kurmanji=\language38
\l@latin=\language39
\l@latvian=\language40
\l@lithuanian=\language41
\l@liturgicallatin=\language42
\l@macedonian=\language43
\l@malayalam=\language44
\l@marathi=\language45
\l@mongolian=\language46
\l@mongolianlmc=\language47
\l@monogreek=\language48
\l@ngerman=\language49
\l@nynorsk=\language50
\l@occitan=\language51
\l@oriya=\language52
\l@pali=\language53
\l@panjabi=\language54
\l@piedmontese=\language55
\l@polish=\language56
\l@portuguese=\language57
\l@romanian=\language58
\l@romansh=\language59
\l@russian=\language60
\l@sanskrit=\language61
\l@serbian=\language62
\l@serbianc=\language63
\l@slovak=\language64
\l@slovenian=\language65
\l@spanish=\language66
\l@swedish=\language67
\l@swissgerman=\language68
\l@tamil=\language69
\l@telugu=\language70
\l@thai=\language71
\l@turkish=\language72
\l@turkmen=\language73
\l@ukenglish=\language74
\l@ukrainian=\language75
\l@uppersorbian=\language76
\l@usenglishmax=\language77
\l@welsh=\language78
\babelcatcodetablenum=\catcodetable12
\bbl@pattcodes=\catcodetable13
)
\babel@savecnt=\count357
\U@D=\dimen302
\l@unhyphenated=\language79

(C:/Users/moham/AppData/Local/Programs/MiKTeX/tex/generic/babel/luababel.def
\bbl@attr@locale=\attribute5
)
*************************************
* Local config file bblopts.cfg used
*
(C:/Users/moham/AppData/Local/Programs/MiKTeX/tex/latex/arabi/bblopts.cfg
File: bblopts.cfg 2005/09/08 v0.1 add Arabic and Farsi to "declared" options of
 babel
)
(C:/Users/moham/AppData/Local/Programs/MiKTeX/tex/latex/babel-english/english.l
df
Language: english 2017/06/06 v3.3r English support from the babel system
Package babel Info: Hyphen rules for 'canadian' set to \l@english
(babel)             (\language0). Reported on input line 102.
Package babel Info: Hyphen rules for 'australian' set to \l@ukenglish
(babel)             (\language74). Reported on input line 105.
Package babel Info: Hyphen rules for 'newzealand' set to \l@ukenglish
(babel)             (\language74). Reported on input line 108.
)))
(C:/Users/moham/AppData/Local/Programs/MiKTeX/tex/latex/tocbibind/tocbibind.sty
Package: tocbibind 2010/10/13 v1.5k extra ToC listings
Package tocbibind Info: The document has chapter divisions on input line 50.

Package tocbibind Note: Using chapter style headings, unless overridden.

)
luaotfload | cache : Lookup cache loaded from C:/Users/moham/AppData/Local/MiKTe
X/luatex-cache/generic/names/luaotfload-lookup-cache.luc.

Package fontspec Info: Font family 'TimesNewRoman(0)' created for font 'Times
(fontspec)             New Roman' with options [Ligatures=TeX].
(fontspec)              
(fontspec)              This font family consists of the following NFSS
(fontspec)             series/shapes:
(fontspec)              
(fontspec)             - 'normal' (m/n) with NFSS spec.:
(fontspec)             <->"TimesNewRoman:mode=node;script=latn;language=dflt;+t
lig;"
(fontspec)             - 'small caps'  (m/sc) with NFSS spec.:
(fontspec)             <->"TimesNewRoman:mode=node;script=latn;language=dflt;+t
lig;+smcp;"
(fontspec)             - 'bold' (b/n) with NFSS spec.:
(fontspec)             <->"TimesNewRoman/B:mode=node;script=latn;language=dflt;
+tlig;"
(fontspec)             - 'bold small caps'  (b/sc) with NFSS spec.:
(fontspec)             <->"TimesNewRoman/B:mode=node;script=latn;language=dflt;
+tlig;+smcp;"
(fontspec)             - 'italic' (m/it) with NFSS spec.:
(fontspec)             <->"TimesNewRoman/I:mode=node;script=latn;language=dflt;
+tlig;"
(fontspec)             - 'italic small caps'  (m/scit) with NFSS spec.:
(fontspec)             <->"TimesNewRoman/I:mode=node;script=latn;language=dflt;
+tlig;+smcp;"
(fontspec)             - 'bold italic' (b/it) with NFSS spec.:
(fontspec)             <->"TimesNewRoman/BI:mode=node;script=latn;language=dflt
;+tlig;"
(fontspec)             - 'bold italic small caps'  (b/scit) with NFSS spec.:
(fontspec)             <->"TimesNewRoman/BI:mode=node;script=latn;language=dflt
;+tlig;+smcp;"

\enitdp@mylist=\count358


LaTeX Warning: Unused global option(s):
    [14pt].

(./main.aux

LaTeX Warning: Label `' multiply defined.


LaTeX Warning: Label `' multiply defined.


LaTeX Warning: Label `' multiply defined.


LaTeX Warning: Label `' multiply defined.


LaTeX Warning: Label `' multiply defined.


LaTeX Warning: Label `' multiply defined.


LaTeX Warning: Label `' multiply defined.


LaTeX Warning: Label `' multiply defined.

)
\openout1 = main.aux

LaTeX Font Info:    Checking defaults for OML/cmm/m/it on input line 45.
LaTeX Font Info:    ... okay on input line 45.
LaTeX Font Info:    Checking defaults for OMS/cmsy/m/n on input line 45.
LaTeX Font Info:    ... okay on input line 45.
LaTeX Font Info:    Checking defaults for OT1/cmr/m/n on input line 45.
LaTeX Font Info:    ... okay on input line 45.
LaTeX Font Info:    Checking defaults for T1/cmr/m/n on input line 45.
LaTeX Font Info:    ... okay on input line 45.
LaTeX Font Info:    Checking defaults for TS1/cmr/m/n on input line 45.
LaTeX Font Info:    Trying to load font information for TS1+cmr on input line 4
5.
 (C:/Users/moham/AppData/Local/Programs/MiKTeX/tex/latex/base/ts1cmr.fd
File: ts1cmr.fd 2019/12/16 v2.5j Standard LaTeX font definitions
)
LaTeX Font Info:    ... okay on input line 45.
LaTeX Font Info:    Checking defaults for TU/lmr/m/n on input line 45.
LaTeX Font Info:    ... okay on input line 45.
LaTeX Font Info:    Checking defaults for OMX/cmex/m/n on input line 45.
LaTeX Font Info:    ... okay on input line 45.
LaTeX Font Info:    Checking defaults for U/cmr/m/n on input line 45.
LaTeX Font Info:    ... okay on input line 45.
LaTeX Font Info:    Checking defaults for PD1/pdf/m/n on input line 45.
LaTeX Font Info:    ... okay on input line 45.
LaTeX Font Info:    Checking defaults for PU/pdf/m/n on input line 45.
LaTeX Font Info:    ... okay on input line 45.

*geometry* driver: auto-detecting
*geometry* detected driver: luatex
*geometry* verbose mode - [ preamble ] result:
* driver: luatex
* paper: a4paper
* layout: <same size as paper>
* layoutoffset:(h,v)=(0.0pt,0.0pt)
* modes: 
* h-part:(L,W,R)=(56.9055pt, 483.69684pt, 56.90553pt)
* v-part:(T,H,B)=(56.9055pt, 731.23582pt, 56.90552pt)
* \paperwidth=597.50787pt
* \paperheight=845.04684pt
* \textwidth=483.69684pt
* \textheight=731.23582pt
* \oddsidemargin=-15.36449pt
* \evensidemargin=-15.36449pt
* \topmargin=-52.36449pt
* \headheight=15.2pt
* \headsep=25.0pt
* \topskip=11.0pt
* \footskip=30.0pt
* \marginparwidth=0.0pt
* \marginparsep=10.0pt
* \columnsep=10.0pt
* \skip\footins=10.0pt plus 4.0pt minus 2.0pt
* \hoffset=0.0pt
* \voffset=0.0pt
* \mag=1000
* \@twocolumnfalse
* \@twosidefalse
* \@mparswitchfalse
* \@reversemarginfalse
* (1in=72.27pt=25.4mm, 1cm=28.453pt)


Package fontspec Info: Adjusting the maths setup (use [no-math] to avoid
(fontspec)             this).

\symlegacymaths=\mathgroup7
LaTeX Font Info:    Overwriting symbol font `legacymaths' in version `bold'
(Font)                  OT1/cmr/m/n --> OT1/cmr/bx/n on input line 45.
LaTeX Font Info:    Redeclaring math accent \acute on input line 45.
LaTeX Font Info:    Redeclaring math accent \grave on input line 45.
LaTeX Font Info:    Redeclaring math accent \ddot on input line 45.
LaTeX Font Info:    Redeclaring math accent \tilde on input line 45.
LaTeX Font Info:    Redeclaring math accent \bar on input line 45.
LaTeX Font Info:    Redeclaring math accent \breve on input line 45.
LaTeX Font Info:    Redeclaring math accent \check on input line 45.
LaTeX Font Info:    Redeclaring math accent \hat on input line 45.
LaTeX Font Info:    Redeclaring math accent \dot on input line 45.
LaTeX Font Info:    Redeclaring math accent \mathring on input line 45.
LaTeX Font Info:    Redeclaring math symbol \Gamma on input line 45.
LaTeX Font Info:    Redeclaring math symbol \Delta on input line 45.
LaTeX Font Info:    Redeclaring math symbol \Theta on input line 45.
LaTeX Font Info:    Redeclaring math symbol \Lambda on input line 45.
LaTeX Font Info:    Redeclaring math symbol \Xi on input line 45.
LaTeX Font Info:    Redeclaring math symbol \Pi on input line 45.
LaTeX Font Info:    Redeclaring math symbol \Sigma on input line 45.
LaTeX Font Info:    Redeclaring math symbol \Upsilon on input line 45.
LaTeX Font Info:    Redeclaring math symbol \Phi on input line 45.
LaTeX Font Info:    Redeclaring math symbol \Psi on input line 45.
LaTeX Font Info:    Redeclaring math symbol \Omega on input line 45.
LaTeX Font Info:    Redeclaring math symbol \mathdollar on input line 45.
LaTeX Font Info:    Redeclaring symbol font `operators' on input line 45.
LaTeX Font Info:    Encoding `OT1' has changed to `TU' for symbol font
(Font)              `operators' in the math version `normal' on input line 45.
LaTeX Font Info:    Overwriting symbol font `operators' in version `normal'
(Font)                  OT1/cmr/m/n --> TU/TimesNewRoman(0)/m/n on input line 4
5.
LaTeX Font Info:    Encoding `OT1' has changed to `TU' for symbol font
(Font)              `operators' in the math version `bold' on input line 45.
LaTeX Font Info:    Overwriting symbol font `operators' in version `bold'
(Font)                  OT1/cmr/bx/n --> TU/TimesNewRoman(0)/m/n on input line 
45.
LaTeX Font Info:    Overwriting symbol font `operators' in version `normal'
(Font)                  TU/TimesNewRoman(0)/m/n --> TU/TimesNewRoman(0)/m/n on 
input line 45.
LaTeX Font Info:    Overwriting math alphabet `\mathit' in version `normal'
(Font)                  OT1/cmr/m/it --> TU/TimesNewRoman(0)/m/it on input line
 45.
LaTeX Font Info:    Overwriting math alphabet `\mathbf' in version `normal'
(Font)                  OT1/cmr/bx/n --> TU/TimesNewRoman(0)/b/n on input line 
45.
LaTeX Font Info:    Overwriting math alphabet `\mathsf' in version `normal'
(Font)                  OT1/cmss/m/n --> TU/lmss/m/n on input line 45.
LaTeX Font Info:    Overwriting math alphabet `\mathtt' in version `normal'
(Font)                  OT1/cmtt/m/n --> TU/lmtt/m/n on input line 45.
LaTeX Font Info:    Overwriting symbol font `operators' in version `bold'
(Font)                  TU/TimesNewRoman(0)/m/n --> TU/TimesNewRoman(0)/b/n on 
input line 45.
LaTeX Font Info:    Overwriting math alphabet `\mathit' in version `bold'
(Font)                  OT1/cmr/bx/it --> TU/TimesNewRoman(0)/b/it on input lin
e 45.
LaTeX Font Info:    Overwriting math alphabet `\mathsf' in version `bold'
(Font)                  OT1/cmss/bx/n --> TU/lmss/b/n on input line 45.
LaTeX Font Info:    Overwriting math alphabet `\mathtt' in version `bold'
(Font)                  OT1/cmtt/m/n --> TU/lmtt/b/n on input line 45.

(C:/Users/moham/AppData/Local/Programs/MiKTeX/tex/latex/ninecolors/ninecolors.s
ty
Package: ninecolors 2022-02-13 vv2022D Select colors with proper color contrast

)
(C:/Users/moham/AppData/Local/Programs/MiKTeX/tex/context/base/mkii/supp-pdf.mk
ii
[Loading MPS to PDF converter (version 2006.09.02).]
\scratchcounter=\count359
\scratchdimen=\dimen303
\scratchbox=\box93
\nofMPsegments=\count360
\nofMParguments=\count361
\everyMPshowfont=\toks42
\MPscratchCnt=\count362
\MPscratchDim=\dimen304
\MPnumerator=\count363
\makeMPintoPDFobject=\count364
\everyMPtoPDFconversion=\toks43
)
(C:/Users/moham/AppData/Local/Programs/MiKTeX/tex/latex/epstopdf-pkg/epstopdf-b
ase.sty
Package: epstopdf-base 2020-01-24 v2.11 Base part for package epstopdf
Package epstopdf-base Info: Redefining graphics rule for `.eps' on input line 4
85.

(C:/Users/moham/AppData/Local/Programs/MiKTeX/tex/latex/00miktex/epstopdf-sys.c
fg
File: epstopdf-sys.cfg 2021/03/18 v2.0 Configuration of epstopdf for MiKTeX
))
\c@lstlisting=\count365
Package caption Info: Begin \AtBeginDocument code.
Package caption Info: hyperref package is loaded.
Package caption Info: End \AtBeginDocument code.
Package hyperref Info: Link coloring OFF on input line 45.

(C:/Users/moham/AppData/Local/Programs/MiKTeX/tex/latex/hyperref/nameref.sty
Package: nameref 2021-04-02 v2.47 Cross-referencing by name of section

(C:/Users/moham/AppData/Local/Programs/MiKTeX/tex/latex/refcount/refcount.sty
Package: refcount 2019/12/15 v3.6 Data extraction from label references (HO)
)
(C:/Users/moham/AppData/Local/Programs/MiKTeX/tex/generic/gettitlestring/gettit
lestring.sty
Package: gettitlestring 2019/12/15 v1.6 Cleanup title references (HO)
)
\c@section@level=\count366
)
LaTeX Info: Redefining \ref on input line 45.
LaTeX Info: Redefining \pageref on input line 45.
LaTeX Info: Redefining \nameref on input line 45.
 (./main.out) (./main.out)
\@outlinefile=\write3

\openout3 = main.out
 (./Preamble/Frontpage.tex
<i/../images/preample/bu_icon.png, id=183, 273.02pt x 185.69376pt>
File: i/../images/preample/bu_icon.png Graphic file (type png)
<use i/../images/preample/bu_icon.png>
Package luatex.def Info: i/../images/preample/bu_icon.png  used on input line 9
.
(luatex.def)             Requested size: 169.29684pt x 115.14594pt.
<i/../images/preample/feng_icon.jpg, id=184, 215.80624pt x 234.8775pt>
File: i/../images/preample/feng_icon.jpg Graphic file (type jpg)
<use i/../images/preample/feng_icon.jpg>
Package luatex.def Info: i/../images/preample/feng_icon.jpg  used on input line
 11.
(luatex.def)             Requested size: 96.73788pt x 105.28532pt.

Underfull \hbox (badness 10000) in paragraph at lines 3--13

 []


Underfull \hbox (badness 10000) in paragraph at lines 3--13

 []


Underfull \hbox (badness 10000) in paragraph at lines 3--13

 []

[1


{C:/Users/moham/AppData/Local/MiKTeX/fonts/map/pdftex/pdftex.map}<./i/../images/
preample/bu_icon.png><./i/../images/preample/feng_icon.jpg>])
(./Preamble/Blank.tex [2]) (./Preamble/Acknowledgements.tex [3])
(./Preamble/Contents.tex (./main.toc
LaTeX Font Info:    Trying to load font information for U+msa on input line 2.

(C:/Users/moham/AppData/Local/Programs/MiKTeX/tex/latex/amsfonts/umsa.fd
File: umsa.fd 2013/01/14 v3.01 AMS symbols A
)
LaTeX Font Info:    Trying to load font information for U+msb on input line 2.

(C:/Users/moham/AppData/Local/Programs/MiKTeX/tex/latex/amsfonts/umsb.fd
File: umsb.fd 2013/01/14 v3.01 AMS symbols B
)
LaTeX Font Info:    Trying to load font information for U+wasy on input line 2.


(C:/Users/moham/AppData/Local/Programs/MiKTeX/tex/latex/wasysym/uwasy.fd
File: uwasy.fd 2020/01/19 v2.4 Wasy-2 symbol font definitions
)
Overfull \hbox (2.21455pt too wide) in paragraph at lines 73--73
 [][] [][]\TU/TimesNewRoman(0)/m/n/10.95 A lightweight anony-mous cross-regional
 mu-tual au-then-ti-ca-tion scheme us-ing blockchain 
 []

[4

]
Overfull \hbox (8.71779pt too wide) in paragraph at lines 79--79
 [][] [][]\TU/TimesNewRoman(0)/m/n/10.95 A Scal-able Pro-to-col for Driv-ing Tru
st Man-age-ment in In-ter-net of Ve-hi-cles with Blockchain 
 []


Overfull \hbox (21.47232pt too wide) in paragraph at lines 85--85
 [][] [][]\TU/TimesNewRoman(0)/m/n/10.95 Hy-brid Cryp-to-graphic Pro-to-col for Se-cure Ve-hi-cle Data Shar-ing over Con-sor-tium Blockchain 
 []

)
\tf@toc=\write4

\openout4 = main.toc
 [5]) (./Preamble/Lists.tex (./main.lof [6

])
\tf@lof=\write5

\openout5 = main.lof
 [7] (./main.lot)
\tf@lot=\write6

\openout6 = main.lot
 [8

])
(./Preamble/Abbreviations.tex

Package hyperref Warning: The anchor of a bookmark and its parent's must not
(hyperref)                be the same. Added a new anchor on input line 2.

[9] [10] [11]) (./Preamble/Abstract.tex
Underfull \hbox (badness 10000) in paragraph at lines 4--6

 []


Overfull \hbox (18.44202pt too wide) in paragraph at lines 4--6
[] \TU/TimesNewRoman(0)/b/it/10 Keywords--- \TU/TimesNewRoman(0)/m/n/10 In-tel-l
i-gent Trans-porta-tion Sys-tems, In-ter-net of Ve-hi-cles, Ve-hi-cle Ad-hoc Net
-work, Cryp-tog-ra-phy, Blockchain,
 []

[12]) (./Preamble/ChapterMods.tex) (./Chapter1/Chapter1.tex
Chapter 1.
[1

]
Underfull \hbox (badness 10000) in paragraph at lines 41--44

 []


Underfull \hbox (badness 10000) in paragraph at lines 44--46

 []

[2] [3]
<i/../images/chapter1/project_plan.png, id=466, 584.1825pt x 594.72188pt>
File: i/../images/chapter1/project_plan.png Graphic file (type png)
<use i/../images/chapter1/project_plan.png>
Package luatex.def Info: i/../images/chapter1/project_plan.png  used on input l
ine 67.
(luatex.def)             Requested size: 483.69684pt x 492.43933pt.

! Undefined control sequence.
\setstretch ...ef \baselinestretch {#1}\@currsize 
                                                  
l.69 			\caption{Project Time Plan.}
                                  
The control sequence at the end of the top line
of your error message was never \def'ed. If you have
misspelled it (e.g., `\hobx'), type `I' and the correct
spelling (e.g., `I\hbox'). Otherwise just continue,
and I'll forget about whatever was undefined.

) (./Chapter2/Chapter2.tex [4<./i/../images/chapter1/project_plan.png>]
Chapter 2.
[5

]
<i/../images/chapter2/vanet1.jpg, id=481, 330.65125pt x 266.69548pt>
File: i/../images/chapter2/vanet1.jpg Graphic file (type jpg)
<use i/../images/chapter2/vanet1.jpg>
Package luatex.def Info: i/../images/chapter2/vanet1.jpg  used on input line 29
.
(luatex.def)             Requested size: 314.39998pt x 253.60342pt.

! Undefined control sequence.
\setstretch ...ef \baselinestretch {#1}\@currsize 
                                                  
l.31 ...mple of a VANET \cite{obaidat2015modeling}.}
                                                  
The control sequence at the end of the top line
of your error message was never \def'ed. If you have
misspelled it (e.g., `\hobx'), type `I' and the correct
spelling (e.g., `I\hbox'). Otherwise just continue,
and I'll forget about whatever was undefined.

<i/../images/chapter2/vanet3.jpg, id=485, 326.17433pt x 168.20363pt>
File: i/../images/chapter2/vanet3.jpg Graphic file (type jpg)
<use i/../images/chapter2/vanet3.jpg>
Package luatex.def Info: i/../images/chapter2/vanet3.jpg  used on input line 36
.
(luatex.def)             Requested size: 483.69684pt x 249.44821pt.
! Undefined control sequence.
\setstretch ...ef \baselinestretch {#1}\@currsize 
                                                  
l.38 ...ios in VANETs \cite{rodrigues2020advances}.}
                                                  
The control sequence at the end of the top line
of your error message was never \def'ed. If you have
misspelled it (e.g., `\hobx'), type `I' and the correct
spelling (e.g., `I\hbox'). Otherwise just continue,
and I'll forget about whatever was undefined.

[6<./i/../images/chapter2/vanet1.jpg>]
<i/../images/chapter2/vanet4.jpg, id=495, 406.75859pt x 123.4346pt>
File: i/../images/chapter2/vanet4.jpg Graphic file (type jpg)
<use i/../images/chapter2/vanet4.jpg>
Package luatex.def Info: i/../images/chapter2/vanet4.jpg  used on input line 57
.
(luatex.def)             Requested size: 483.69684pt x 146.7835pt.

! Undefined control sequence.
\setstretch ...ef \baselinestretch {#1}\@currsize 
                                                  
l.59 ...VANET Applications \cite{obaidat2016smart}.}
                                                  
The control sequence at the end of the top line
of your error message was never \def'ed. If you have
misspelled it (e.g., `\hobx'), type `I' and the correct
spelling (e.g., `I\hbox'). Otherwise just continue,
and I'll forget about whatever was undefined.

[7<./i/../images/chapter2/vanet3.jpg>] [8<./i/../images/chapter2/vanet4.jpg>]
<i/../images/chapter2/iov1.png, id=523, 543.53062pt x 502.12593pt>
File: i/../images/chapter2/iov1.png Graphic file (type png)
<use i/../images/chapter2/iov1.png>
Package luatex.def Info: i/../images/chapter2/iov1.png  used on input line 92.
(luatex.def)             Requested size: 203.15178pt x 187.67615pt.

! Undefined control sequence.
\setstretch ...ef \baselinestretch {#1}\@currsize 
                                                  
l.94 ...work Architecture \cite{buyya2016internet}.}
                                                  
The control sequence at the end of the top line
of your error message was never \def'ed. If you have
misspelled it (e.g., `\hobx'), type `I' and the correct
spelling (e.g., `I\hbox'). Otherwise just continue,
and I'll forget about whatever was undefined.

[9<./i/../images/chapter2/iov1.png>]
<i/../images/chapter2/iov2.png, id=538, 496.85625pt x 371.88937pt>
File: i/../images/chapter2/iov2.png Graphic file (type png)
<use i/../images/chapter2/iov2.png>
Package luatex.def Info: i/../images/chapter2/iov2.png  used on input line 124.

(luatex.def)             Requested size: 256.35872pt x 191.87982pt.

! Undefined control sequence.
\setstretch ...ef \baselinestretch {#1}\@currsize 
                                                  
l.126 ...IoV Applications \cite{buyya2016internet}.}
                                                  
The control sequence at the end of the top line
of your error message was never \def'ed. If you have
misspelled it (e.g., `\hobx'), type `I' and the correct
spelling (e.g., `I\hbox'). Otherwise just continue,
and I'll forget about whatever was undefined.

[10<./i/../images/chapter2/iov2.png>]

Package hyperref Warning: Token not allowed in a PDF string (Unicode):
(hyperref)                removing `\@ifnextchar' on input line 131.

<i/../images/chapter2/crypto1.png, id=550, 852.18375pt x 291.33844pt>
File: i/../images/chapter2/crypto1.png Graphic file (type png)
<use i/../images/chapter2/crypto1.png>
Package luatex.def Info: i/../images/chapter2/crypto1.png  used on input line 1
34.
(luatex.def)             Requested size: 483.69684pt x 165.36668pt.
! Undefined control sequence.
\setstretch ...ef \baselinestretch {#1}\@currsize 
                                                  
l.136 ...f Cryptology \cite{paar2009understanding}.}
                                                  
The control sequence at the end of the top line
of your error message was never \def'ed. If you have
misspelled it (e.g., `\hobx'), type `I' and the correct
spelling (e.g., `I\hbox'). Otherwise just continue,
and I'll forget about whatever was undefined.

<i/../images/chapter2/crypto2.png, id=554, 882.29625pt x 247.67531pt>
File: i/../images/chapter2/crypto2.png Graphic file (type png)
<use i/../images/chapter2/crypto2.png>
Package luatex.def Info: i/../images/chapter2/crypto2.png  used on input line 1
53.
(luatex.def)             Requested size: 483.69684pt x 135.78345pt.
! Undefined control sequence.
\setstretch ...ef \baselinestretch {#1}\@currsize 
                                                  
l.155 ...cure Channel \cite{paar2009understanding}.}
                                                  
The control sequence at the end of the top line
of your error message was never \def'ed. If you have
misspelled it (e.g., `\hobx'), type `I' and the correct
spelling (e.g., `I\hbox'). Otherwise just continue,
and I'll forget about whatever was undefined.

<i/../images/chapter2/crypto3.png, id=559, 837.1275pt x 316.18124pt>
File: i/../images/chapter2/crypto3.png Graphic file (type png)
<use i/../images/chapter2/crypto3.png>
Package luatex.def Info: i/../images/chapter2/crypto3.png  used on input line 1
60.
(luatex.def)             Requested size: 483.69684pt x 182.6905pt.
! Undefined control sequence.
\setstretch ...ef \baselinestretch {#1}\@currsize 
                                                  
l.162 ...Cryptosystem \cite{paar2009understanding}.}
                                                  
The control sequence at the end of the top line
of your error message was never \def'ed. If you have
misspelled it (e.g., `\hobx'), type `I' and the correct
spelling (e.g., `I\hbox'). Otherwise just continue,
and I'll forget about whatever was undefined.

[11<./i/../images/chapter2/crypto1.png><./i/../images/chapter2/crypto2.png>]
<i/../images/chapter2/crypto4.png, id=575, 650.43pt x 158.09062pt>
File: i/../images/chapter2/crypto4.png Graphic file (type png)
<use i/../images/chapter2/crypto4.png>
Package luatex.def Info: i/../images/chapter2/crypto4.png  used on input line 1
88.
(luatex.def)             Requested size: 483.69684pt x 117.56898pt.

! Undefined control sequence.
\setstretch ...ef \baselinestretch {#1}\@currsize 
                                                  
l.190 ...y Encryption \cite{paar2009understanding}.}
                                                  
The control sequence at the end of the top line
of your error message was never \def'ed. If you have
misspelled it (e.g., `\hobx'), type `I' and the correct
spelling (e.g., `I\hbox'). Otherwise just continue,
and I'll forget about whatever was undefined.

[12<./i/../images/chapter2/crypto3.png>]
<i/../images/chapter2/crypto5.png, id=590, 280.04625pt x 331.99031pt>
File: i/../images/chapter2/crypto5.png Graphic file (type png)
<use i/../images/chapter2/crypto5.png>
Package luatex.def Info: i/../images/chapter2/crypto5.png  used on input line 2
03.
(luatex.def)             Requested size: 266.03473pt x 315.39406pt.

! Undefined control sequence.
\setstretch ...ef \baselinestretch {#1}\@currsize 
                                                  
l.205 ...hy Algorithm \cite{paar2009understanding}.}
                                                  
The control sequence at the end of the top line
of your error message was never \def'ed. If you have
misspelled it (e.g., `\hobx'), type `I' and the correct
spelling (e.g., `I\hbox'). Otherwise just continue,
and I'll forget about whatever was undefined.

[13<./i/../images/chapter2/crypto4.png>] [14<./i/../images/chapter2/crypto5.png>
]
<i/../images/chapter2/blockchain1.png, id=613, 257.2812pt x 157.0668pt>
File: i/../images/chapter2/blockchain1.png Graphic file (type png)
<use i/../images/chapter2/blockchain1.png>
Package luatex.def Info: i/../images/chapter2/blockchain1.png  used on input li
ne 239.
(luatex.def)             Requested size: 483.69684pt x 295.32394pt.

! Undefined control sequence.
\setstretch ...ef \baselinestretch {#1}\@currsize 
                                                  
l.241 ...ption{Blockchain Structure \cite{paper11}.}
                                                  
The control sequence at the end of the top line
of your error message was never \def'ed. If you have
misspelled it (e.g., `\hobx'), type `I' and the correct
spelling (e.g., `I\hbox'). Otherwise just continue,
and I'll forget about whatever was undefined.

[15]
<i/../images/chapter2/blockchain2.png, id=624, 517.935pt x 227.34938pt>
File: i/../images/chapter2/blockchain2.png Graphic file (type png)
<use i/../images/chapter2/blockchain2.png>
Package luatex.def Info: i/../images/chapter2/blockchain2.png  used on input li
ne 250.
(luatex.def)             Requested size: 483.69684pt x 212.3312pt.

! Undefined control sequence.
\setstretch ...ef \baselinestretch {#1}\@currsize 
                                                  
l.252 ...ption{Sample Chain \cite{shrestha2020new}.}
                                                  
The control sequence at the end of the top line
of your error message was never \def'ed. If you have
misspelled it (e.g., `\hobx'), type `I' and the correct
spelling (e.g., `I\hbox'). Otherwise just continue,
and I'll forget about whatever was undefined.

<i/../images/chapter2/blockchain3.png, id=627, 330.48468pt x 234.8775pt>
File: i/../images/chapter2/blockchain3.png Graphic file (type png)
<use i/../images/chapter2/blockchain3.png>
Package luatex.def Info: i/../images/chapter2/blockchain3.png  used on input li
ne 257.
(luatex.def)             Requested size: 338.5863pt x 240.64346pt.
! Undefined control sequence.
\setstretch ...ef \baselinestretch {#1}\@currsize 
                                                  
l.259 ...ngle Block Content \cite{shrestha2020new}.}
                                                  
The control sequence at the end of the top line
of your error message was never \def'ed. If you have
misspelled it (e.g., `\hobx'), type `I' and the correct
spelling (e.g., `I\hbox'). Otherwise just continue,
and I'll forget about whatever was undefined.

[16<./i/../images/chapter2/blockchain1.png><./i/../images/chapter2/blockchain2.p
ng>]
<i/../images/chapter2/blockchain4.png, id=640, 547.2947pt x 391.4625pt>
File: i/../images/chapter2/blockchain4.png Graphic file (type png)
<use i/../images/chapter2/blockchain4.png>
Package luatex.def Info: i/../images/chapter2/blockchain4.png  used on input li
ne 266.
(luatex.def)             Requested size: 304.73137pt x 217.96909pt.

! Undefined control sequence.
\setstretch ...ef \baselinestretch {#1}\@currsize 
                                                  
l.268 ...{Blockchain Types \cite{blockchain_types}.}
                                                  
The control sequence at the end of the top line
of your error message was never \def'ed. If you have
misspelled it (e.g., `\hobx'), type `I' and the correct
spelling (e.g., `I\hbox'). Otherwise just continue,
and I'll forget about whatever was undefined.

[17<./i/../images/chapter2/blockchain3.png><./i/../images/chapter2/blockchain4.p
ng>]
Overfull \hbox (1.78108pt too wide) in paragraph at lines 275--278
\TU/TimesNewRoman(0)/m/n/10 Although the pro-cess-ing time is re-duced in per-mi
s-sioned blockchains, the cen-tral-iza-tion of per-mis-sioned blockchains
 []


Overfull \hbox (1.65533pt too wide) in paragraph at lines 282--285
\TU/TimesNewRoman(0)/m/n/10 Public blockchains are per-mis-sion-less in na-ture,
 al-low any-one to join, and are fully de-cen-tral-ized. Pub-lic blockchains
 []

[18] [19]
! Undefined control sequence.
\setstretch ...ef \baselinestretch {#1}\@currsize 
                                                  
l.311 ...n{Comparison Between Consensus Algorithms.}
                                                  
The control sequence at the end of the top line
of your error message was never \def'ed. If you have
misspelled it (e.g., `\hobx'), type `I' and the correct
spelling (e.g., `I\hbox'). Otherwise just continue,
and I'll forget about whatever was undefined.


Underfull \hbox (badness 2418) in paragraph at lines 342--343
[]\TU/TimesNewRoman(0)/m/n/10.95 Uti-lizes very less en-ergy com-pared to
 []


Underfull \hbox (badness 2073) in paragraph at lines 358--359
[]\TU/TimesNewRoman(0)/m/n/10.95 Vul-ner-a-bil-ity: The sys-tem can be de-
 []


Underfull \hbox (badness 1603) in paragraph at lines 365--366
[]\TU/TimesNewRoman(0)/m/n/10.95 Re-quires less amount of com-pu-ta-tional
 []


Overfull \hbox (9.1472pt too wide) in paragraph at lines 312--373
 [][] 
 []

[20]
<i/../images/chapter2/blockchain5.png, id=672, 475.02469pt x 257.46187pt>
File: i/../images/chapter2/blockchain5.png Graphic file (type png)
<use i/../images/chapter2/blockchain5.png>
Package luatex.def Info: i/../images/chapter2/blockchain5.png  used on input li
ne 379.
(luatex.def)             Requested size: 338.5863pt x 183.51811pt.

! Undefined control sequence.
\setstretch ...ef \baselinestretch {#1}\@currsize 
                                                  
l.381 ...ckchain Generations \cite{blockchain_gen}.}
                                                  
The control sequence at the end of the top line
of your error message was never \def'ed. If you have
misspelled it (e.g., `\hobx'), type `I' and the correct
spelling (e.g., `I\hbox'). Otherwise just continue,
and I'll forget about whatever was undefined.

[21<./i/../images/chapter2/blockchain5.png>]
<i/../images/chapter2/cloud2.png, id=685, 1505.625pt x 456.70625pt>
File: i/../images/chapter2/cloud2.png Graphic file (type png)
<use i/../images/chapter2/cloud2.png>
Package luatex.def Info: i/../images/chapter2/cloud2.png  used on input line 41
0.
(luatex.def)             Requested size: 435.32419pt x 132.04419pt.

! Undefined control sequence.
\setstretch ...ef \baselinestretch {#1}\@currsize 
                                                  
l.412 					\caption{Cloud Services}
                                 
The control sequence at the end of the top line
of your error message was never \def'ed. If you have
misspelled it (e.g., `\hobx'), type `I' and the correct
spelling (e.g., `I\hbox'). Otherwise just continue,
and I'll forget about whatever was undefined.

[22<./i/../images/chapter2/cloud2.png>]
<i/../images/chapter2/cloud3.png, id=697, 439.04025pt x 295.1025pt>
File: i/../images/chapter2/cloud3.png Graphic file (type png)
<use i/../images/chapter2/cloud3.png>
Package luatex.def Info: i/../images/chapter2/cloud3.png  used on input line 43
0.
(luatex.def)             Requested size: 241.84842pt x 162.55902pt.

! Undefined control sequence.
\setstretch ...ef \baselinestretch {#1}\@currsize 
                                                  
l.432 					\caption{Cloud Deployment Types.}
                                          
The control sequence at the end of the top line
of your error message was never \def'ed. If you have
misspelled it (e.g., `\hobx'), type `I' and the correct
spelling (e.g., `I\hbox'). Otherwise just continue,
and I'll forget about whatever was undefined.


Package hyperref Warning: Token not allowed in a PDF string (Unicode):
(hyperref)                removing `\@ifnextchar' on input line 436.

<i/../images/chapter2/fog1.png, id=700, 320.397pt x 231.264pt>
File: i/../images/chapter2/fog1.png Graphic file (type png)
<use i/../images/chapter2/fog1.png>
Package luatex.def Info: i/../images/chapter2/fog1.png  used on input line 443.

(luatex.def)             Requested size: 241.84842pt x 174.56972pt.
! Undefined control sequence.
\setstretch ...ef \baselinestretch {#1}\@currsize 
                                                  
l.445 				\caption{Fog Architecture \cite{fogref}.}
                                                 
The control sequence at the end of the top line
of your error message was never \def'ed. If you have
misspelled it (e.g., `\hobx'), type `I' and the correct
spelling (e.g., `I\hbox'). Otherwise just continue,
and I'll forget about whatever was undefined.

[23<./i/../images/chapter2/cloud3.png>]
<i/../images/chapter2/fog2.png, id=712, 419.31656pt x 197.23688pt>
File: i/../images/chapter2/fog2.png Graphic file (type png)
<use i/../images/chapter2/fog2.png>
Package luatex.def Info: i/../images/chapter2/fog2.png  used on input line 464.

(luatex.def)             Requested size: 241.84842pt x 113.75941pt.

! Undefined control sequence.
\setstretch ...ef \baselinestretch {#1}\@currsize 
                                                  
l.466 					\caption{}
                   
The control sequence at the end of the top line
of your error message was never \def'ed. If you have
misspelled it (e.g., `\hobx'), type `I' and the correct
spelling (e.g., `I\hbox'). Otherwise just continue,
and I'll forget about whatever was undefined.

[24<./i/../images/chapter2/fog1.png>]
<i/../images/chapter2/fog3.png, id=724, 913.91437pt x 656.4525pt>
File: i/../images/chapter2/fog3.png Graphic file (type png)
<use i/../images/chapter2/fog3.png>
Package luatex.def Info: i/../images/chapter2/fog3.png  used on input line 471.

(luatex.def)             Requested size: 338.5863pt x 243.19414pt.

! Undefined control sequence.
\setstretch ...ef \baselinestretch {#1}\@currsize 
                                                  
l.473 					\caption{}
                   
The control sequence at the end of the top line
of your error message was never \def'ed. If you have
misspelled it (e.g., `\hobx'), type `I' and the correct
spelling (e.g., `I\hbox'). Otherwise just continue,
and I'll forget about whatever was undefined.

[25<./i/../images/chapter2/fog2.png><./i/../images/chapter2/fog3.png>]
<i/../images/chapter2/obu1.png, id=731, 433.2915pt x 130.4145pt>
File: i/../images/chapter2/obu1.png Graphic file (type png)
<use i/../images/chapter2/obu1.png>
Package luatex.def Info: i/../images/chapter2/obu1.png  used on input line 484.

(luatex.def)             Requested size: 483.69684pt x 145.58763pt.

! Undefined control sequence.
\setstretch ...ef \baselinestretch {#1}\@currsize 
                                                  
l.486 				\caption{An Example of OBU \cite{oburef}.}
                                                  
The control sequence at the end of the top line
of your error message was never \def'ed. If you have
misspelled it (e.g., `\hobx'), type `I' and the correct
spelling (e.g., `I\hbox'). Otherwise just continue,
and I'll forget about whatever was undefined.

<i/../images/chapter2/obu2.png, id=737, 570.63188pt x 205.5178pt>
File: i/../images/chapter2/obu2.png Graphic file (type png)
<use i/../images/chapter2/obu2.png>
Package luatex.def Info: i/../images/chapter2/obu2.png  used on input line 499.

(luatex.def)             Requested size: 338.5863pt x 121.94435pt.
! Undefined control sequence.
\setstretch ...ef \baselinestretch {#1}\@currsize 
                                                  
l.501 ...rable OBU device \cite{petracca2013board}.}
                                                  
The control sequence at the end of the top line
of your error message was never \def'ed. If you have
misspelled it (e.g., `\hobx'), type `I' and the correct
spelling (e.g., `I\hbox'). Otherwise just continue,
and I'll forget about whatever was undefined.

[26<./i/../images/chapter2/obu1.png><./i/../images/chapter2/obu2.png>]
<i/../images/chapter2/rsu1.png, id=751, 1806.75pt x 501.875pt>
File: i/../images/chapter2/rsu1.png Graphic file (type png)
<use i/../images/chapter2/rsu1.png>
Package luatex.def Info: i/../images/chapter2/rsu1.png  used on input line 515.

(luatex.def)             Requested size: 483.69684pt x 134.35936pt.

! Undefined control sequence.
\setstretch ...ef \baselinestretch {#1}\@currsize 
                                                  
l.517 				\caption{An Example of RSU \cite{rsuref}.}
                                                  
The control sequence at the end of the top line
of your error message was never \def'ed. If you have
misspelled it (e.g., `\hobx'), type `I' and the correct
spelling (e.g., `I\hbox'). Otherwise just continue,
and I'll forget about whatever was undefined.

<i/../images/chapter2/network1.png, id=758, 423.83344pt x 282.30469pt>
File: i/../images/chapter2/network1.png Graphic file (type png)
<use i/../images/chapter2/network1.png>
Package luatex.def Info: i/../images/chapter2/network1.png  used on input line 
541.
(luatex.def)             Requested size: 290.22105pt x 193.31723pt.
! Undefined control sequence.
\setstretch ...ef \baselinestretch {#1}\@currsize 
                                                  
l.543 ...l, (b) TCP/IP model \cite{alani2014guide}.}
                                                  
The control sequence at the end of the top line
of your error message was never \def'ed. If you have
misspelled it (e.g., `\hobx'), type `I' and the correct
spelling (e.g., `I\hbox'). Otherwise just continue,
and I'll forget about whatever was undefined.

[27<./i/../images/chapter2/rsu1.png>] [28<./i/../images/chapter2/network1.png>]
[29] [30] [31]

Package hyperref Warning: Token not allowed in a PDF string (Unicode):
(hyperref)                removing `\@ifnextchar' on input line 601.

<i/../images/chapter2/paper1-1.png, id=816, 353.82187pt x 336.50719pt>
File: i/../images/chapter2/paper1-1.png Graphic file (type png)
<use i/../images/chapter2/paper1-1.png>
Package luatex.def Info: i/../images/chapter2/paper1-1.png  used on input line 
605.
(luatex.def)             Requested size: 266.03473pt x 253.02159pt.
<i/../images/chapter2/paper1-2.png, id=817, 417.81094pt x 258.9675pt>
File: i/../images/chapter2/paper1-2.png Graphic file (type png)
<use i/../images/chapter2/paper1-2.png>
Package luatex.def Info: i/../images/chapter2/paper1-2.png  used on input line 
607.
(luatex.def)             Requested size: 193.47577pt x 119.92073pt.
! Undefined control sequence.
\setstretch ...ef \baselinestretch {#1}\@currsize 
                                                  
l.609 ...) The network model for IoV \cite{paper1}.}
                                                  
The control sequence at the end of the top line
of your error message was never \def'ed. If you have
misspelled it (e.g., `\hobx'), type `I' and the correct
spelling (e.g., `I\hbox'). Otherwise just continue,
and I'll forget about whatever was undefined.


Underfull \hbox (badness 10000) in paragraph at lines 602--611

 []


Package hyperref Warning: Token not allowed in a PDF string (Unicode):
(hyperref)                removing `\@ifnextchar' on input line 612.

<i/../images/chapter2/paper2-1.png, id=822, 763.35187pt x 311.66437pt>
File: i/../images/chapter2/paper2-1.png Graphic file (type png)
<use i/../images/chapter2/paper2-1.png>
Package luatex.def Info: i/../images/chapter2/paper2-1.png  used on input line 
617.
(luatex.def)             Requested size: 386.95894pt x 157.98608pt.
! Undefined control sequence.
\setstretch ...ef \baselinestretch {#1}\@currsize 
                                                  
l.619 ...cture of the Proposed Model \cite{paper2}.}
                                                  
The control sequence at the end of the top line
of your error message was never \def'ed. If you have
misspelled it (e.g., `\hobx'), type `I' and the correct
spelling (e.g., `I\hbox'). Otherwise just continue,
and I'll forget about whatever was undefined.

[32<./i/../images/chapter2/paper1-1.png><./i/../images/chapter2/paper1-2.png>]

Package hyperref Warning: Token not allowed in a PDF string (Unicode):
(hyperref)                removing `\@ifnextchar' on input line 622.


Package hyperref Warning: Token not allowed in a PDF string (Unicode):
(hyperref)                removing `\@ifnextchar' on input line 624.

<i/../images/chapter2/paper4-1.png, id=835, 529.98pt x 225.09094pt>
File: i/../images/chapter2/paper4-1.png Graphic file (type png)
<use i/../images/chapter2/paper4-1.png>
Package luatex.def Info: i/../images/chapter2/paper4-1.png  used on input line 
627.
(luatex.def)             Requested size: 435.32419pt x 184.89174pt.
! Undefined control sequence.
\setstretch ...ef \baselinestretch {#1}\@currsize 
                                                  
l.629 				\caption{\cite{paper4}}
                               
The control sequence at the end of the top line
of your error message was never \def'ed. If you have
misspelled it (e.g., `\hobx'), type `I' and the correct
spelling (e.g., `I\hbox'). Otherwise just continue,
and I'll forget about whatever was undefined.

[33<./i/../images/chapter2/paper2-1.png>]

Package hyperref Warning: Token not allowed in a PDF string (Unicode):
(hyperref)                removing `\@ifnextchar' on input line 632.

<i/../images/chapter2/paper5-1.png, id=845, 770.12718pt x 499.8675pt>
File: i/../images/chapter2/paper5-1.png Graphic file (type png)
<use i/../images/chapter2/paper5-1.png>
Package luatex.def Info: i/../images/chapter2/paper5-1.png  used on input line 
635.
(luatex.def)             Requested size: 338.5863pt x 219.75932pt.
! Undefined control sequence.
\setstretch ...ef \baselinestretch {#1}\@currsize 
                                                  
l.637 ...of proposed IoVChain scheme \cite{paper5}.}
                                                  
The control sequence at the end of the top line
of your error message was never \def'ed. If you have
misspelled it (e.g., `\hobx'), type `I' and the correct
spelling (e.g., `I\hbox'). Otherwise just continue,
and I'll forget about whatever was undefined.

[34<./i/../images/chapter2/paper4-1.png>]

Package hyperref Warning: Token not allowed in a PDF string (Unicode):
(hyperref)                removing `\@ifnextchar' on input line 640.


Overfull \hbox (2.73576pt too wide) in paragraph at lines 642--642
|[]\TU/TimesNewRoman(0)/b/n/12 A Scal-able Pro-to-col for Driv-ing Trust Man-age
-ment in In-ter-net of Ve-hi-cles with Blockchain
 []


Package hyperref Warning: Token not allowed in a PDF string (Unicode):
(hyperref)                removing `\@ifnextchar' on input line 642.

<i/../images/chapter2/paper7-1.png, id=856, 812.28468pt x 507.39563pt>
File: i/../images/chapter2/paper7-1.png Graphic file (type png)
<use i/../images/chapter2/paper7-1.png>
Package luatex.def Info: i/../images/chapter2/paper7-1.png  used on input line 
644.
(luatex.def)             Requested size: 386.95894pt x 241.71222pt.
! Undefined control sequence.
\setstretch ...ef \baselinestretch {#1}\@currsize 
                                                  
l.646 ...with the four-way trade-off \cite{paper7}.}
                                                  
The control sequence at the end of the top line
of your error message was never \def'ed. If you have
misspelled it (e.g., `\hobx'), type `I' and the correct
spelling (e.g., `I\hbox'). Otherwise just continue,
and I'll forget about whatever was undefined.

[35<./i/../images/chapter2/paper5-1.png>] [36<./i/../images/chapter2/paper7-1.pn
g>]

Package hyperref Warning: Token not allowed in a PDF string (Unicode):
(hyperref)                removing `\@ifnextchar' on input line 651.


Package hyperref Warning: Token not allowed in a PDF string (Unicode):
(hyperref)                removing `\@ifnextchar' on input line 653.

<i/../images/chapter2/paper9-1.png, id=874, 450.18187pt x 216.05719pt>
File: i/../images/chapter2/paper9-1.png Graphic file (type png)
<use i/../images/chapter2/paper9-1.png>
Package luatex.def Info: i/../images/chapter2/paper9-1.png  used on input line 
655.
(luatex.def)             Requested size: 435.32419pt x 208.93562pt.
! Undefined control sequence.
\setstretch ...ef \baselinestretch {#1}\@currsize 
                                                  
l.657 ... for the EBIoV architecture \cite{paper9}.}
                                                  
The control sequence at the end of the top line
of your error message was never \def'ed. If you have
misspelled it (e.g., `\hobx'), type `I' and the correct
spelling (e.g., `I\hbox'). Otherwise just continue,
and I'll forget about whatever was undefined.


Package hyperref Warning: Token not allowed in a PDF string (Unicode):
(hyperref)                removing `\@ifnextchar' on input line 661.

<i/../images/chapter2/paper10-1.png, id=879, 517.935pt x 395.22656pt>
File: i/../images/chapter2/paper10-1.png Graphic file (type png)
<use i/../images/chapter2/paper10-1.png>
Package luatex.def Info: i/../images/chapter2/paper10-1.png  used on input line
 663.
(luatex.def)             Requested size: 338.5863pt x 258.37776pt.
! Undefined control sequence.
\setstretch ...ef \baselinestretch {#1}\@currsize 
                                                  
l.665 ...ture of the proposed model \cite{paper10}.}
                                                  
The control sequence at the end of the top line
of your error message was never \def'ed. If you have
misspelled it (e.g., `\hobx'), type `I' and the correct
spelling (e.g., `I\hbox'). Otherwise just continue,
and I'll forget about whatever was undefined.

[37<./i/../images/chapter2/paper9-1.png>]

Package hyperref Warning: Token not allowed in a PDF string (Unicode):
(hyperref)                removing `\@ifnextchar' on input line 669.

<i/../images/chapter2/paper11-1.png, id=889, 638.385pt x 305.64188pt>
File: i/../images/chapter2/paper11-1.png Graphic file (type png)
<use i/../images/chapter2/paper11-1.png>
Package luatex.def Info: i/../images/chapter2/paper11-1.png  used on input line
 671.
(luatex.def)             Requested size: 386.95894pt x 185.266pt.
! Undefined control sequence.
\setstretch ...ef \baselinestretch {#1}\@currsize 
                                                  
l.673 ...ure of the proposed scheme \cite{paper11}.}
                                                  
The control sequence at the end of the top line
of your error message was never \def'ed. If you have
misspelled it (e.g., `\hobx'), type `I' and the correct
spelling (e.g., `I\hbox'). Otherwise just continue,
and I'll forget about whatever was undefined.

[38<./i/../images/chapter2/paper10-1.png>]

Package hyperref Warning: Token not allowed in a PDF string (Unicode):
(hyperref)                removing `\@ifnextchar' on input line 678.


Overfull \hbox (27.40668pt too wide) in paragraph at lines 681--681
|[]\TU/TimesNewRoman(0)/b/n/12 Hy-brid Cryp-to-graphic Pro-to-col for Se-cure Ve
-hi-cle Data Shar-ing over Con-sor-tium Blockchain
 []


Package hyperref Warning: Token not allowed in a PDF string (Unicode):
(hyperref)                removing `\@ifnextchar' on input line 681.

[39<./i/../images/chapter2/paper11-1.png>]

Package hyperref Warning: Token not allowed in a PDF string (Unicode):
(hyperref)                removing `\@ifnextchar' on input line 683.

<i/../images/chapter2/paper14-1.png, id=909, 773.89125pt x 395.22656pt>
File: i/../images/chapter2/paper14-1.png Graphic file (type png)
<use i/../images/chapter2/paper14-1.png>
Package luatex.def Info: i/../images/chapter2/paper14-1.png  used on input line
 685.
(luatex.def)             Requested size: 362.77263pt x 185.26802pt.
! Undefined control sequence.
\setstretch ...ef \baselinestretch {#1}\@currsize 
                                                  
l.687 				\caption{}
                  
The control sequence at the end of the top line
of your error message was never \def'ed. If you have
misspelled it (e.g., `\hobx'), type `I' and the correct
spelling (e.g., `I\hbox'). Otherwise just continue,
and I'll forget about whatever was undefined.


Package hyperref Warning: Token not allowed in a PDF string (Unicode):
(hyperref)                removing `\@ifnextchar' on input line 691.

<i/../images/chapter2/paper15-1.png, id=912, 479.54156pt x 238.64156pt>
File: i/../images/chapter2/paper15-1.png Graphic file (type png)
<use i/../images/chapter2/paper15-1.png>
Package luatex.def Info: i/../images/chapter2/paper15-1.png  used on input line
 693.
(luatex.def)             Requested size: 362.77263pt x 180.53194pt.
! Undefined control sequence.
\setstretch ...ef \baselinestretch {#1}\@currsize 
                                                  
l.695 				\caption{}
                  
The control sequence at the end of the top line
of your error message was never \def'ed. If you have
misspelled it (e.g., `\hobx'), type `I' and the correct
spelling (e.g., `I\hbox'). Otherwise just continue,
and I'll forget about whatever was undefined.

[40<./i/../images/chapter2/paper14-1.png>]
! Undefined control sequence.
\setstretch ...ef \baselinestretch {#1}\@currsize 
                                                  
l.704 ...aption{Comparison between Related Schemes.}
                                                  
The control sequence at the end of the top line
of your error message was never \def'ed. If you have
misspelled it (e.g., `\hobx'), type `I' and the correct
spelling (e.g., `I\hbox'). Otherwise just continue,
and I'll forget about whatever was undefined.


Overfull \hbox (24.4843pt too wide) in paragraph at lines 705--767
 [][] 
 []

! Undefined control sequence.
\setstretch ...ef \baselinestretch {#1}\@currsize 
                                                  
l.771 ...rison between Related Schemes (Continued).}
                                                  
The control sequence at the end of the top line
of your error message was never \def'ed. If you have
misspelled it (e.g., `\hobx'), type `I' and the correct
spelling (e.g., `I\hbox'). Otherwise just continue,
and I'll forget about whatever was undefined.


Overfull \hbox (23.21077pt too wide) in paragraph at lines 772--834
 [][] 
 []

) (./main.bbl [41<./i/../images/chapter2/paper15-1.png>] [42] [43]
! Undefined control sequence.
<argument> ... \advance \leftmargin \labelsep \@openbib@code 
                                                  \usecounter {enumiv}\let \...
l.1 \begin{thebibliography}{10}
                             
The control sequence at the end of the top line
of your error message was never \def'ed. If you have
misspelled it (e.g., `\hobx'), type `I' and the correct
spelling (e.g., `I\hbox'). Otherwise just continue,
and I'll forget about whatever was undefined.


Underfull \hbox (badness 1087) in paragraph at lines 62--68
[]\TU/TimesNewRoman(0)/m/n/10 Stephan Cum-mings.  The four blockchain gen-er-a-t
ions.  []$\TU/lmtt/m/n/10 https://medium.com/the-capital/the-four-
 []

[44

]
Underfull \hbox (badness 5431) in paragraph at lines 101--107
[]\TU/TimesNewRoman(0)/m/n/10 Eu-ge-nia Wang Kath-leen E. We-grzyn.  Types of bl
ockchain: Pub-lic, pri-vate, or some-thing in be-
 []

[45]) [46] (./main.aux)

LaTeX Warning: There were multiply-defined labels.

Package rerunfilecheck Info: File `main.out' has not changed.
(rerunfilecheck)             Checksum: 859815DF5833EA6922B6B4F8AE9C5795;13247.
)

Here is how much of LuaTeX's memory you used:
 23637 strings out of 477867
 156263,1144653 words of node,token memory allocated
 718 words of node memory still in use:
   6 hlist, 2 vlist, 2 rule, 2 glue, 4 kern, 1 glyph, 36 attribute, 66 glue_spec
, 19 attribute_list, 1 write, 13 pdf_action nodes
   avail lists: 1:1,2:7527,3:420,4:800,5:1222,6:199,7:9886,8:107,9:3537,10:28,11
:926
 42829 multiletter control sequences out of 65536+600000
 97 fonts using 25237639 bytes
 77i,13n,84p,2331b,504s stack positions out of 5000i,500n,10000p,200000b,80000s
<C:/Windows/Fonts/timesi.ttf><//?/c:/users/moham/appdata/local/programs/miktex/f
onts/opentype/public/lm/lmmono10-regular.otf><C:/Windows/Fonts/timesbi.ttf><C:/W
indows/Fonts/times.ttf><C:/Windows/Fonts/timesbd.ttf><C:/Users/moham/AppData/Loc
al/Programs/MiKTeX/fonts/type1/public/amsfonts/cm/cmmi10.pfb><C:/Users/moham/App
Data/Local/Programs/MiKTeX/fonts/type1/public/amsfonts/cm/cmmi7.pfb><C:/Users/mo
ham/AppData/Local/Programs/MiKTeX/fonts/type1/public/amsfonts/cm/cmr10.pfb><C:/U
sers/moham/AppData/Local/Programs/MiKTeX/fonts/type1/public/amsfonts/cm/cmr7.pfb
><C:/Users/moham/AppData/Local/Programs/MiKTeX/fonts/type1/public/amsfonts/cm/cm
sy10.pfb><C:/Users/moham/AppData/Local/Programs/MiKTeX/fonts/type1/public/amsfon
ts/cm/cmsy7.pfb><C:/Users/moham/AppData/Local/Programs/MiKTeX/fonts/type1/urw/za
pfding/uzdr.pfb>
Output written on main.pdf (58 pages, 4370351 bytes).

PDF statistics: 1044 PDF objects out of 1200 (max. 8388607)
 244 named destinations out of 1000 (max. 131072)
 361 words of extra memory for PDF output out of 10000 (max. 100000000)

